<?xml version="1.0" encoding="UTF-8"?>
<!-- Generated by org.testng.reporters.JUnitXMLReporter -->
<testsuite hostname="admin-PC" name="Drawer Countdown  - US 84 - DEV URL" tests="1" failures="1" timestamp="8 Sep 2015 19:12:22 GMT" time="49.135" errors="0">
  <testcase name="viewDCDEntries" time="24.595" classname="com.mcdebos.ecash.drawercount.TestDrawerCount">
    <failure type="org.openqa.selenium.StaleElementReferenceException" message="Element not found in the cache - perhaps the page has changed since it was looked up
Command duration or timeout: 20.05 seconds
For documentation on this error, please visit: http://seleniumhq.org/exceptions/stale_element_reference.html
Build info: version: &amp;apos;2.47.1&amp;apos;, revision: &amp;apos;411b314&amp;apos;, time: &amp;apos;2015-07-30 03:03:16&amp;apos;
System info: host: &amp;apos;admin-PC&amp;apos;, ip: &amp;apos;192.168.0.101&amp;apos;, os.name: &amp;apos;Windows 8.1&amp;apos;, os.arch: &amp;apos;x86&amp;apos;, os.version: &amp;apos;6.3&amp;apos;, java.version: &amp;apos;1.7.0_60&amp;apos;
Session ID: 8606a1b8-1209-43e1-a4fe-53b398884601
Driver info: org.openqa.selenium.firefox.FirefoxDriver
Capabilities [{platform=WINDOWS, acceptSslCerts=true, javascriptEnabled=true, cssSelectorsEnabled=true, databaseEnabled=true, browserName=firefox, handlesAlerts=true, browserConnectionEnabled=true, nativeEvents=false, webStorageEnabled=true, rotatable=false, locationContextEnabled=true, applicationCacheEnabled=true, takesScreenshot=true, version=27.0.1}]">
      <![CDATA[org.openqa.selenium.StaleElementReferenceException: Element not found in the cache - perhaps the page has changed since it was looked up
Command duration or timeout: 20.05 seconds
For documentation on this error, please visit: http://seleniumhq.org/exceptions/stale_element_reference.html
Build info: version: '2.47.1', revision: '411b314', time: '2015-07-30 03:03:16'
System info: host: 'admin-PC', ip: '192.168.0.101', os.name: 'Windows 8.1', os.arch: 'x86', os.version: '6.3', java.version: '1.7.0_60'
Session ID: 8606a1b8-1209-43e1-a4fe-53b398884601
Driver info: org.openqa.selenium.firefox.FirefoxDriver
Capabilities [{platform=WINDOWS, acceptSslCerts=true, javascriptEnabled=true, cssSelectorsEnabled=true, databaseEnabled=true, browserName=firefox, handlesAlerts=true, browserConnectionEnabled=true, nativeEvents=false, webStorageEnabled=true, rotatable=false, locationContextEnabled=true, applicationCacheEnabled=true, takesScreenshot=true, version=27.0.1}]
	at org.openqa.selenium.remote.ErrorHandler.createThrowable(ErrorHandler.java:206)
	at org.openqa.selenium.remote.ErrorHandler.throwIfResponseFailed(ErrorHandler.java:158)
	at org.openqa.selenium.remote.RemoteWebDriver.execute(RemoteWebDriver.java:595)
	at org.openqa.selenium.remote.RemoteWebElement.execute(RemoteWebElement.java:273)
	at org.openqa.selenium.remote.RemoteWebElement.click(RemoteWebElement.java:84)
	at com.mcdebos.ecash.pages.DrawerCountDownPage.moveToDate(DrawerCountDownPage.java:106)
	at com.mcdebos.ecash.pages.DrawerCountDownPage.selectDate(DrawerCountDownPage.java:205)
	at com.mcdebos.ecash.drawercount.TestDrawerCount.viewDCDEntries(TestDrawerCount.java:187)
	at java.util.concurrent.FutureTask.run(FutureTask.java:262)
	at java.util.concurrent.ThreadPoolExecutor.runWorker(ThreadPoolExecutor.java:1145)
	at java.util.concurrent.ThreadPoolExecutor$Worker.run(ThreadPoolExecutor.java:615)
	at java.lang.Thread.run(Thread.java:745)
Caused by: org.openqa.selenium.StaleElementReferenceException: Element not found in the cache - perhaps the page has changed since it was looked up
For documentation on this error, please visit: http://seleniumhq.org/exceptions/stale_element_reference.html
Build info: version: '2.47.1', revision: '411b314', time: '2015-07-30 03:03:16'
System info: host: 'admin-PC', ip: '192.168.0.101', os.name: 'Windows 8.1', os.arch: 'x86', os.version: '6.3', java.version: '1.7.0_60'
Driver info: driver.version: unknown
	at <anonymous class>.fxdriver.cache.getElementAt(resource://fxdriver/modules/web-element-cache.js:9348)
	at <anonymous class>.Utils.getElementAt(file:///C:/Users/admin/AppData/Local/Temp/anonymous5388471220115985709webdriver-profile/extensions/fxdriver@googlecode.com/components/command-processor.js:8942)
	at <anonymous class>.fxdriver.preconditions.visible(file:///C:/Users/admin/AppData/Local/Temp/anonymous5388471220115985709webdriver-profile/extensions/fxdriver@googlecode.com/components/command-processor.js:9980)
	at <anonymous class>.DelayedCommand.prototype.checkPreconditions_(file:///C:/Users/admin/AppData/Local/Temp/anonymous5388471220115985709webdriver-profile/extensions/fxdriver@googlecode.com/components/command-processor.js:12626)
	at <anonymous class>.DelayedCommand.prototype.executeInternal_/h(file:///C:/Users/admin/AppData/Local/Temp/anonymous5388471220115985709webdriver-profile/extensions/fxdriver@googlecode.com/components/command-processor.js:12643)
	at <anonymous class>.fxdriver.Timer.prototype.setTimeout/<.notify(file:///C:/Users/admin/AppData/Local/Temp/anonymous5388471220115985709webdriver-profile/extensions/fxdriver@googlecode.com/components/command-processor.js:623)
... Removed 20 stack frames]]>
    </failure>
  </testcase> <!-- viewDCDEntries -->
</testsuite> <!-- Drawer Countdown  - US 84 - DEV URL -->
