<?xml version="1.0" encoding="UTF-8"?>
<testng-results skipped="0" failed="7" total="29" passed="22">
  <reporter-output>
    <line>
      <![CDATA[Click on User Drop Down<br>]]>
    </line>
    <line>
      <![CDATA[Select the User as e100001<br>]]>
    </line>
    <line>
      <![CDATA[Click on Store Dropdown<br>]]>
    </line>
    <line>
      <![CDATA[Select the Store as 762<br>]]>
    </line>
    <line>
      <![CDATA[Click on Menu Icon<br>]]>
    </line>
    <line>
      <![CDATA[Click on Cash Management Menu<br>]]>
    </line>
    <line>
      <![CDATA[Verifying whether the cash option 'Drawer Countdown' was present in the dropdown<br>]]>
    </line>
    <line>
      <![CDATA[Select the Cash management option as Drawer Countdown<br>]]>
    </line>
    <line>
      <![CDATA[Click on User Drop Down<br>]]>
    </line>
    <line>
      <![CDATA[Select the User as e100001<br>]]>
    </line>
    <line>
      <![CDATA[Click on Store Dropdown<br>]]>
    </line>
    <line>
      <![CDATA[Select the Store as 762<br>]]>
    </line>
    <line>
      <![CDATA[Click on Menu Icon<br>]]>
    </line>
    <line>
      <![CDATA[Click on Cash Management Menu<br>]]>
    </line>
    <line>
      <![CDATA[Verifying whether the cash option 'Drawer Countdown' was present in the dropdown<br>]]>
    </line>
    <line>
      <![CDATA[Select the Cash management option as Drawer Countdown<br>]]>
    </line>
    <line>
      <![CDATA[Checking whether DCD Page was displayed<br>]]>
    </line>
    <line>
      <![CDATA[Click on User Drop Down<br>]]>
    </line>
    <line>
      <![CDATA[Select the User as e100001<br>]]>
    </line>
    <line>
      <![CDATA[Click on Store Dropdown<br>]]>
    </line>
    <line>
      <![CDATA[Select the Store as 762<br>]]>
    </line>
    <line>
      <![CDATA[Retrieving store number<br>]]>
    </line>
    <line>
      <![CDATA[Click on User Drop Down<br>]]>
    </line>
    <line>
      <![CDATA[Select the User as e100001<br>]]>
    </line>
    <line>
      <![CDATA[Click on Store Dropdown<br>]]>
    </line>
    <line>
      <![CDATA[Select the Store as 762<br>]]>
    </line>
    <line>
      <![CDATA[Click on Menu Icon<br>]]>
    </line>
    <line>
      <![CDATA[Click on Cash Management Menu<br>]]>
    </line>
    <line>
      <![CDATA[Verifying whether the cash option 'Drawer Countdown' was present in the dropdown<br>]]>
    </line>
    <line>
      <![CDATA[Select the Cash management option as Drawer Countdown<br>]]>
    </line>
    <line>
      <![CDATA[Checking whether business date text box was displayed<br>]]>
    </line>
    <line>
      <![CDATA[Checking whether date pickr buttton was displayed<br>]]>
    </line>
    <line>
      <![CDATA[Getting the default date<br>]]>
    </line>
    <line>
      <![CDATA[Click on User Drop Down<br>]]>
    </line>
    <line>
      <![CDATA[Select the User as e100001<br>]]>
    </line>
    <line>
      <![CDATA[Click on Store Dropdown<br>]]>
    </line>
    <line>
      <![CDATA[Select the Store as 762<br>]]>
    </line>
    <line>
      <![CDATA[Click on Menu Icon<br>]]>
    </line>
    <line>
      <![CDATA[Click on Cash Management Menu<br>]]>
    </line>
    <line>
      <![CDATA[Verifying whether the cash option 'Drawer Countdown' was present in the dropdown<br>]]>
    </line>
    <line>
      <![CDATA[Select the Cash management option as Drawer Countdown<br>]]>
    </line>
    <line>
      <![CDATA[Click on Date Picker Button<br>]]>
    </line>
    <line>
      <![CDATA[No change in month<br>]]>
    </line>
    <line>
      <![CDATA[Click on the date 24<br>]]>
    </line>
    <line>
      <![CDATA[Click on User Drop Down<br>]]>
    </line>
    <line>
      <![CDATA[Select the User as e100001<br>]]>
    </line>
    <line>
      <![CDATA[Click on Store Dropdown<br>]]>
    </line>
    <line>
      <![CDATA[Select the Store as 762<br>]]>
    </line>
    <line>
      <![CDATA[Click on Menu Icon<br>]]>
    </line>
    <line>
      <![CDATA[Click on Cash Management Menu<br>]]>
    </line>
    <line>
      <![CDATA[Verifying whether the cash option 'Drawer Countdown' was present in the dropdown<br>]]>
    </line>
    <line>
      <![CDATA[Select the Cash management option as Drawer Countdown<br>]]>
    </line>
    <line>
      <![CDATA[Retrieving the current month from the date picker<br>]]>
    </line>
    <line>
      <![CDATA[Click on Date Picker Button<br>]]>
    </line>
    <line>
      <![CDATA[Click on Previous month button<br>]]>
    </line>
    <line>
      <![CDATA[Click on the date 31<br>]]>
    </line>
    <line>
      <![CDATA[Getting the default date<br>]]>
    </line>
    <line>
      <![CDATA[Checking whether Drawer count details was displayed<br>]]>
    </line>
    <line>
      <![CDATA[Click on User Drop Down<br>]]>
    </line>
    <line>
      <![CDATA[Select the User as e100001<br>]]>
    </line>
    <line>
      <![CDATA[Click on Store Dropdown<br>]]>
    </line>
    <line>
      <![CDATA[Select the Store as 762<br>]]>
    </line>
    <line>
      <![CDATA[Click on Menu Icon<br>]]>
    </line>
    <line>
      <![CDATA[Click on Cash Management Menu<br>]]>
    </line>
    <line>
      <![CDATA[Verifying whether the cash option 'Drawer Countdown' was present in the dropdown<br>]]>
    </line>
    <line>
      <![CDATA[Select the Cash management option as Drawer Countdown<br>]]>
    </line>
    <line>
      <![CDATA[Click on Date Picker Button<br>]]>
    </line>
    <line>
      <![CDATA[Click on Previous month button<br>]]>
    </line>
    <line>
      <![CDATA[Click on Previous month button<br>]]>
    </line>
    <line>
      <![CDATA[Checking whether the date was greyed out<br>]]>
    </line>
    <line>
      <![CDATA[Click on Date Picker Button<br>]]>
    </line>
    <line>
      <![CDATA[Click on Previous month button<br>]]>
    </line>
    <line>
      <![CDATA[Click on Previous month button<br>]]>
    </line>
    <line>
      <![CDATA[Click on the date 25<br>]]>
    </line>
    <line>
      <![CDATA[Getting the default date<br>]]>
    </line>
    <line>
      <![CDATA[Click on Date Picker Button<br>]]>
    </line>
    <line>
      <![CDATA[Click on Previous month button<br>]]>
    </line>
    <line>
      <![CDATA[Click on Previous month button<br>]]>
    </line>
    <line>
      <![CDATA[Click on the date 27<br>]]>
    </line>
    <line>
      <![CDATA[Getting the default date<br>]]>
    </line>
    <line>
      <![CDATA[Click on User Drop Down<br>]]>
    </line>
    <line>
      <![CDATA[Select the User as e100001<br>]]>
    </line>
    <line>
      <![CDATA[Click on Store Dropdown<br>]]>
    </line>
    <line>
      <![CDATA[Select the Store as 762<br>]]>
    </line>
    <line>
      <![CDATA[Click on Menu Icon<br>]]>
    </line>
    <line>
      <![CDATA[Click on Cash Management Menu<br>]]>
    </line>
    <line>
      <![CDATA[Verifying whether the cash option 'Drawer Countdown' was present in the dropdown<br>]]>
    </line>
    <line>
      <![CDATA[Select the Cash management option as Drawer Countdown<br>]]>
    </line>
    <line>
      <![CDATA[Click on Date Picker Button<br>]]>
    </line>
    <line>
      <![CDATA[No change in month<br>]]>
    </line>
    <line>
      <![CDATA[Click on the date 24<br>]]>
    </line>
    <line>
      <![CDATA[Click on User Drop Down<br>]]>
    </line>
    <line>
      <![CDATA[Select the User as e100001<br>]]>
    </line>
    <line>
      <![CDATA[Click on Store Dropdown<br>]]>
    </line>
    <line>
      <![CDATA[Select the Store as 762<br>]]>
    </line>
    <line>
      <![CDATA[Click on Menu Icon<br>]]>
    </line>
    <line>
      <![CDATA[Click on Cash Management Menu<br>]]>
    </line>
    <line>
      <![CDATA[Verifying whether the cash option 'Drawer Countdown' was present in the dropdown<br>]]>
    </line>
    <line>
      <![CDATA[Select the Cash management option as Drawer Countdown<br>]]>
    </line>
    <line>
      <![CDATA[Click on Date Picker Button<br>]]>
    </line>
    <line>
      <![CDATA[Click on Previous month button<br>]]>
    </line>
    <line>
      <![CDATA[Click on the date 31<br>]]>
    </line>
    <line>
      <![CDATA[Checking whether Register fields were displayed<br>]]>
    </line>
    <line>
      <![CDATA[Checking whether Type field was displayed<br>]]>
    </line>
    <line>
      <![CDATA[Checking whether close time was displayed<br>]]>
    </line>
    <line>
      <![CDATA[Checking whether Manager field was displayed<br>]]>
    </line>
    <line>
      <![CDATA[Checking whether cashier field was displayed<br>]]>
    </line>
    <line>
      <![CDATA[Checking whether Deposit code was displayed<br>]]>
    </line>
    <line>
      <![CDATA[Checking whether status was displayed<br>]]>
    </line>
    <line>
      <![CDATA[Checking whether sales field was displayed<br>]]>
    </line>
    <line>
      <![CDATA[Click on User Drop Down<br>]]>
    </line>
    <line>
      <![CDATA[Select the User as e100001<br>]]>
    </line>
    <line>
      <![CDATA[Click on Store Dropdown<br>]]>
    </line>
    <line>
      <![CDATA[Select the Store as 762<br>]]>
    </line>
    <line>
      <![CDATA[Click on Menu Icon<br>]]>
    </line>
    <line>
      <![CDATA[Click on Cash Management Menu<br>]]>
    </line>
    <line>
      <![CDATA[Verifying whether the cash option 'Drawer Countdown' was present in the dropdown<br>]]>
    </line>
    <line>
      <![CDATA[Select the Cash management option as Drawer Countdown<br>]]>
    </line>
    <line>
      <![CDATA[Click on Date Picker Button<br>]]>
    </line>
    <line>
      <![CDATA[Click on Previous month button<br>]]>
    </line>
    <line>
      <![CDATA[Click on the date 31<br>]]>
    </line>
    <line>
      <![CDATA[Open the 1 entry in DCD<br>]]>
    </line>
    <line>
      <![CDATA[Enter Envelope ID as AA<br>]]>
    </line>
    <line>
      <![CDATA[Click on Finalize Button<br>]]>
    </line>
    <line>
      <![CDATA[<br> <a href="file:///D:\BackUp\23Sep\eProfitability_Ecash\eProfitability_Ecash\eProfitability_Ecash\ScreenShots\changeDCDDetailsFromInprogressToCounted1443096305058.png">View Screenshot</a><br>]]>
    </line>
    <line>
      <![CDATA[Click on User Drop Down<br>]]>
    </line>
    <line>
      <![CDATA[Select the User as e100001<br>]]>
    </line>
    <line>
      <![CDATA[Click on Store Dropdown<br>]]>
    </line>
    <line>
      <![CDATA[Select the Store as 762<br>]]>
    </line>
    <line>
      <![CDATA[Click on Menu Icon<br>]]>
    </line>
    <line>
      <![CDATA[Click on Cash Management Menu<br>]]>
    </line>
    <line>
      <![CDATA[Verifying whether the cash option 'Drawer Countdown' was present in the dropdown<br>]]>
    </line>
    <line>
      <![CDATA[Select the Cash management option as Drawer Countdown<br>]]>
    </line>
    <line>
      <![CDATA[Click on Date Picker Button<br>]]>
    </line>
    <line>
      <![CDATA[<br> <a href="file:///D:\BackUp\23Sep\eProfitability_Ecash\eProfitability_Ecash\eProfitability_Ecash\ScreenShots\changeDCDDetailsFromCountedToInprogress1443096374473.png">View Screenshot</a><br>]]>
    </line>
    <line>
      <![CDATA[Click on User Drop Down<br>]]>
    </line>
    <line>
      <![CDATA[Select the User as e100001<br>]]>
    </line>
    <line>
      <![CDATA[Click on Store Dropdown<br>]]>
    </line>
    <line>
      <![CDATA[Select the Store as 762<br>]]>
    </line>
    <line>
      <![CDATA[Click on Menu Icon<br>]]>
    </line>
    <line>
      <![CDATA[Click on Cash Management Menu<br>]]>
    </line>
    <line>
      <![CDATA[Verifying whether the cash option 'Drawer Countdown' was present in the dropdown<br>]]>
    </line>
    <line>
      <![CDATA[Select the Cash management option as Drawer Countdown<br>]]>
    </line>
    <line>
      <![CDATA[Click on Date Picker Button<br>]]>
    </line>
    <line>
      <![CDATA[Click on Previous month button<br>]]>
    </line>
    <line>
      <![CDATA[Click on the date 31<br>]]>
    </line>
    <line>
      <![CDATA[Check Whether  Manager Meals Available on DCD Detail screen<br> ]]>
    </line>
    <line>
      <![CDATA[Click on User Drop Down<br>]]>
    </line>
    <line>
      <![CDATA[Select the User as e100001<br>]]>
    </line>
    <line>
      <![CDATA[Click on Store Dropdown<br>]]>
    </line>
    <line>
      <![CDATA[Select the Store as 762<br>]]>
    </line>
    <line>
      <![CDATA[Click on Menu Icon<br>]]>
    </line>
    <line>
      <![CDATA[Click on Cash Management Menu<br>]]>
    </line>
    <line>
      <![CDATA[Verifying whether the cash option 'Drawer Countdown' was present in the dropdown<br>]]>
    </line>
    <line>
      <![CDATA[Select the Cash management option as Drawer Countdown<br>]]>
    </line>
    <line>
      <![CDATA[Click on Date Picker Button<br>]]>
    </line>
    <line>
      <![CDATA[Click on Previous month button<br>]]>
    </line>
    <line>
      <![CDATA[Click on the date 31<br>]]>
    </line>
    <line>
      <![CDATA[OPen the 1 entry in DCD<br>]]>
    </line>
    <line>
      <![CDATA[Click on Save Button<br>]]>
    </line>
    <line>
      <![CDATA[OPen the 2 entry in DCD<br>]]>
    </line>
    <line>
      <![CDATA[Click on Save Button<br>]]>
    </line>
    <line>
      <![CDATA[OPen the 3 entry in DCD<br>]]>
    </line>
    <line>
      <![CDATA[Click on Save Button<br>]]>
    </line>
    <line>
      <![CDATA[OPen the 4 entry in DCD<br>]]>
    </line>
    <line>
      <![CDATA[Click on Save Button<br>]]>
    </line>
    <line>
      <![CDATA[Check Whether Preparer Field is Available on DCD Detail screen<br> ]]>
    </line>
    <line>
      <![CDATA[Check Whether Drawer Bank Field is Available on DCD Detail screen<br> ]]>
    </line>
    <line>
      <![CDATA[Check Whether Current Forever Field is Available on DCD Detail screen<br> ]]>
    </line>
    <line>
      <![CDATA[Check Whether Forever Difference Field is Available on DCD Detail screen<br> ]]>
    </line>
    <line>
      <![CDATA[Check Whether POS Overrings Field is Available on DCD Detail screen<br> ]]>
    </line>
    <line>
      <![CDATA[Check Whether Forever Difference Field is Available on DCD Detail screen<br> ]]>
    </line>
    <line>
      <![CDATA[Check Whether Forever Difference Field is Available on DCD Detail screen<br> ]]>
    </line>
    <line>
      <![CDATA[Check Whether Billable Sales Field is Available on DCD Detail screen<br> ]]>
    </line>
    <line>
      <![CDATA[Check Whether Non Taxable Sales Field is Available on DCD Detail screen<br> ]]>
    </line>
    <line>
      <![CDATA[Check Whether Gift Cert.Redeemed Field is Available on DCD Detail screen<br> ]]>
    </line>
    <line>
      <![CDATA[Check Whether Arch Card Redeemed Field is Available on DCD Detail screen<br> ]]>
    </line>
    <line>
      <![CDATA[Check Whether Skims Field is Available on DCD Detail screen<br> ]]>
    </line>
    <line>
      <![CDATA[<br> <a href="file:///D:\BackUp\23Sep\eProfitability_Ecash\eProfitability_Ecash\eProfitability_Ecash\ScreenShots\viewingFieldsOnDCDDetailScreen1443096572254.png">View Screenshot</a><br>]]>
    </line>
    <line>
      <![CDATA[Click on User Drop Down<br>]]>
    </line>
    <line>
      <![CDATA[Select the User as e100001<br>]]>
    </line>
    <line>
      <![CDATA[Click on Store Dropdown<br>]]>
    </line>
    <line>
      <![CDATA[Select the Store as 762<br>]]>
    </line>
    <line>
      <![CDATA[Click on Menu Icon<br>]]>
    </line>
    <line>
      <![CDATA[Click on Cash Management Menu<br>]]>
    </line>
    <line>
      <![CDATA[Verifying whether the cash option 'Drawer Countdown' was present in the dropdown<br>]]>
    </line>
    <line>
      <![CDATA[Select the Cash management option as Drawer Countdown<br>]]>
    </line>
    <line>
      <![CDATA[Click on Date Picker Button<br>]]>
    </line>
    <line>
      <![CDATA[Click on Previous month button<br>]]>
    </line>
    <line>
      <![CDATA[Click on the date 31<br>]]>
    </line>
    <line>
      <![CDATA[OPen the 1 entry in DCD<br>]]>
    </line>
    <line>
      <![CDATA[Click on Save Button<br>]]>
    </line>
    <line>
      <![CDATA[OPen the 2 entry in DCD<br>]]>
    </line>
    <line>
      <![CDATA[Click on Save Button<br>]]>
    </line>
    <line>
      <![CDATA[OPen the 3 entry in DCD<br>]]>
    </line>
    <line>
      <![CDATA[Click on Save Button<br>]]>
    </line>
    <line>
      <![CDATA[OPen the 4 entry in DCD<br>]]>
    </line>
    <line>
      <![CDATA[Click on Save Button<br>]]>
    </line>
    <line>
      <![CDATA[Enter Envelope ID as 123<br>]]>
    </line>
    <line>
      <![CDATA[<br> <a href="file:///D:\BackUp\23Sep\eProfitability_Ecash\eProfitability_Ecash\eProfitability_Ecash\ScreenShots\viewingManualEntryFieldOnDCDDetailPage1443096674816.png">View Screenshot</a><br>]]>
    </line>
    <line>
      <![CDATA[Click on User Drop Down<br>]]>
    </line>
    <line>
      <![CDATA[Select the User as e100001<br>]]>
    </line>
    <line>
      <![CDATA[Click on Store Dropdown<br>]]>
    </line>
    <line>
      <![CDATA[Select the Store as 762<br>]]>
    </line>
    <line>
      <![CDATA[Click on Menu Icon<br>]]>
    </line>
    <line>
      <![CDATA[Click on Cash Management Menu<br>]]>
    </line>
    <line>
      <![CDATA[Verifying whether the cash option 'Drawer Countdown' was present in the dropdown<br>]]>
    </line>
    <line>
      <![CDATA[Select the Cash management option as Drawer Countdown<br>]]>
    </line>
    <line>
      <![CDATA[Click on Date Picker Button<br>]]>
    </line>
    <line>
      <![CDATA[Click on Previous month button<br>]]>
    </line>
    <line>
      <![CDATA[Click on the date 31<br>]]>
    </line>
    <line>
      <![CDATA[OPen the 1 entry in DCD<br>]]>
    </line>
    <line>
      <![CDATA[Click on Save Button<br>]]>
    </line>
    <line>
      <![CDATA[OPen the 2 entry in DCD<br>]]>
    </line>
    <line>
      <![CDATA[Click on Save Button<br>]]>
    </line>
    <line>
      <![CDATA[OPen the 3 entry in DCD<br>]]>
    </line>
    <line>
      <![CDATA[Click on Save Button<br>]]>
    </line>
    <line>
      <![CDATA[OPen the 4 entry in DCD<br>]]>
    </line>
    <line>
      <![CDATA[Click on Save Button<br>]]>
    </line>
    <line>
      <![CDATA[Click on User Drop Down<br>]]>
    </line>
    <line>
      <![CDATA[Select the User as e100001<br>]]>
    </line>
    <line>
      <![CDATA[Click on Store Dropdown<br>]]>
    </line>
    <line>
      <![CDATA[Select the Store as 762<br>]]>
    </line>
    <line>
      <![CDATA[Click on Menu Icon<br>]]>
    </line>
    <line>
      <![CDATA[Click on Cash Management Menu<br>]]>
    </line>
    <line>
      <![CDATA[Verifying whether the cash option 'Drawer Countdown' was present in the dropdown<br>]]>
    </line>
    <line>
      <![CDATA[Select the Cash management option as Drawer Countdown<br>]]>
    </line>
    <line>
      <![CDATA[Click on Date Picker Button<br>]]>
    </line>
    <line>
      <![CDATA[Click on Previous month button<br>]]>
    </line>
    <line>
      <![CDATA[Click on the date 31<br>]]>
    </line>
    <line>
      <![CDATA[OPen the 1 entry in DCD<br>]]>
    </line>
    <line>
      <![CDATA[Click on Save Button<br>]]>
    </line>
    <line>
      <![CDATA[OPen the 2 entry in DCD<br>]]>
    </line>
    <line>
      <![CDATA[Click on Save Button<br>]]>
    </line>
    <line>
      <![CDATA[OPen the 3 entry in DCD<br>]]>
    </line>
    <line>
      <![CDATA[Click on Save Button<br>]]>
    </line>
    <line>
      <![CDATA[OPen the 4 entry in DCD<br>]]>
    </line>
    <line>
      <![CDATA[Click on Save Button<br>]]>
    </line>
    <line>
      <![CDATA[Click on User Drop Down<br>]]>
    </line>
    <line>
      <![CDATA[Select the User as e100001<br>]]>
    </line>
    <line>
      <![CDATA[Click on Store Dropdown<br>]]>
    </line>
    <line>
      <![CDATA[Select the Store as 762<br>]]>
    </line>
    <line>
      <![CDATA[Click on Menu Icon<br>]]>
    </line>
    <line>
      <![CDATA[Click on Cash Management Menu<br>]]>
    </line>
    <line>
      <![CDATA[Verifying whether the cash option 'Drawer Countdown' was present in the dropdown<br>]]>
    </line>
    <line>
      <![CDATA[Select the Cash management option as Drawer Countdown<br>]]>
    </line>
    <line>
      <![CDATA[Click on Date Picker Button<br>]]>
    </line>
    <line>
      <![CDATA[Click on Previous month button<br>]]>
    </line>
    <line>
      <![CDATA[Click on the date 31<br>]]>
    </line>
    <line>
      <![CDATA[OPen the 1 entry in DCD<br>]]>
    </line>
    <line>
      <![CDATA[Click on Save Button<br>]]>
    </line>
    <line>
      <![CDATA[OPen the 2 entry in DCD<br>]]>
    </line>
    <line>
      <![CDATA[Click on Save Button<br>]]>
    </line>
    <line>
      <![CDATA[OPen the 3 entry in DCD<br>]]>
    </line>
    <line>
      <![CDATA[Click on Save Button<br>]]>
    </line>
    <line>
      <![CDATA[OPen the 4 entry in DCD<br>]]>
    </line>
    <line>
      <![CDATA[Click on Save Button<br>]]>
    </line>
    <line>
      <![CDATA[Enter Envelope ID as 123<br>]]>
    </line>
    <line>
      <![CDATA[Click on User Drop Down<br>]]>
    </line>
    <line>
      <![CDATA[Select the User as e100001<br>]]>
    </line>
    <line>
      <![CDATA[Click on Store Dropdown<br>]]>
    </line>
    <line>
      <![CDATA[Select the Store as 762<br>]]>
    </line>
    <line>
      <![CDATA[Click on Menu Icon<br>]]>
    </line>
    <line>
      <![CDATA[Click on Cash Management Menu<br>]]>
    </line>
    <line>
      <![CDATA[Verifying whether the cash option 'Drawer Countdown' was present in the dropdown<br>]]>
    </line>
    <line>
      <![CDATA[Select the Cash management option as Drawer Countdown<br>]]>
    </line>
    <line>
      <![CDATA[<br> <a href="file:///D:\BackUp\23Sep\eProfitability_Ecash\eProfitability_Ecash\eProfitability_Ecash\ScreenShots\viewGiftCertificates1443096955192.png">View Screenshot</a><br>]]>
    </line>
    <line>
      <![CDATA[Click on User Drop Down<br>]]>
    </line>
    <line>
      <![CDATA[Select the User as e100001<br>]]>
    </line>
    <line>
      <![CDATA[Click on Store Dropdown<br>]]>
    </line>
    <line>
      <![CDATA[Select the Store as 762<br>]]>
    </line>
    <line>
      <![CDATA[Click on Menu Icon<br>]]>
    </line>
    <line>
      <![CDATA[Click on Cash Management Menu<br>]]>
    </line>
    <line>
      <![CDATA[Verifying whether the cash option 'Drawer Countdown' was present in the dropdown<br>]]>
    </line>
    <line>
      <![CDATA[Select the Cash management option as Drawer Countdown<br>]]>
    </line>
    <line>
      <![CDATA[Click on Date Picker Button<br>]]>
    </line>
    <line>
      <![CDATA[Click on Previous month button<br>]]>
    </line>
    <line>
      <![CDATA[Click on the date 31<br>]]>
    </line>
    <line>
      <![CDATA[OPen the 1 entry in DCD<br>]]>
    </line>
    <line>
      <![CDATA[Click on Save Button<br>]]>
    </line>
    <line>
      <![CDATA[OPen the 2 entry in DCD<br>]]>
    </line>
    <line>
      <![CDATA[Click on Save Button<br>]]>
    </line>
    <line>
      <![CDATA[OPen the 3 entry in DCD<br>]]>
    </line>
    <line>
      <![CDATA[Click on Save Button<br>]]>
    </line>
    <line>
      <![CDATA[OPen the 4 entry in DCD<br>]]>
    </line>
    <line>
      <![CDATA[Click on Save Button<br>]]>
    </line>
    <line>
      <![CDATA[Check Whether  Employee Meals Available on DCD Detail screen<br> ]]>
    </line>
    <line>
      <![CDATA[Click on User Drop Down<br>]]>
    </line>
    <line>
      <![CDATA[Select the User as e100001<br>]]>
    </line>
    <line>
      <![CDATA[Click on Store Dropdown<br>]]>
    </line>
    <line>
      <![CDATA[Select the Store as 762<br>]]>
    </line>
    <line>
      <![CDATA[Click on Menu Icon<br>]]>
    </line>
    <line>
      <![CDATA[Click on Cash Management Menu<br>]]>
    </line>
    <line>
      <![CDATA[Verifying whether the cash option 'Drawer Countdown' was present in the dropdown<br>]]>
    </line>
    <line>
      <![CDATA[Select the Cash management option as Drawer Countdown<br>]]>
    </line>
    <line>
      <![CDATA[Click on Date Picker Button<br>]]>
    </line>
    <line>
      <![CDATA[Click on Previous month button<br>]]>
    </line>
    <line>
      <![CDATA[Click on the date 31<br>]]>
    </line>
    <line>
      <![CDATA[OPen the 1 entry in DCD<br>]]>
    </line>
    <line>
      <![CDATA[Click on Save Button<br>]]>
    </line>
    <line>
      <![CDATA[OPen the 2 entry in DCD<br>]]>
    </line>
    <line>
      <![CDATA[Click on Save Button<br>]]>
    </line>
    <line>
      <![CDATA[OPen the 3 entry in DCD<br>]]>
    </line>
    <line>
      <![CDATA[Click on Save Button<br>]]>
    </line>
    <line>
      <![CDATA[OPen the 4 entry in DCD<br>]]>
    </line>
    <line>
      <![CDATA[Click on Save Button<br>]]>
    </line>
    <line>
      <![CDATA[Check Whether  After-TRED Available on DCD Detail screen<br> ]]>
    </line>
    <line>
      <![CDATA[Click on User Drop Down<br>]]>
    </line>
    <line>
      <![CDATA[Select the User as e100001<br>]]>
    </line>
    <line>
      <![CDATA[Click on Store Dropdown<br>]]>
    </line>
    <line>
      <![CDATA[Select the Store as 762<br>]]>
    </line>
    <line>
      <![CDATA[Click on Menu Icon<br>]]>
    </line>
    <line>
      <![CDATA[Click on Cash Management Menu<br>]]>
    </line>
    <line>
      <![CDATA[Verifying whether the cash option 'Drawer Countdown' was present in the dropdown<br>]]>
    </line>
    <line>
      <![CDATA[Select the Cash management option as Drawer Countdown<br>]]>
    </line>
    <line>
      <![CDATA[Click on Date Picker Button<br>]]>
    </line>
    <line>
      <![CDATA[Click on Previous month button<br>]]>
    </line>
    <line>
      <![CDATA[Click on the date 31<br>]]>
    </line>
    <line>
      <![CDATA[OPen the 1 entry in DCD<br>]]>
    </line>
    <line>
      <![CDATA[Click on Save Button<br>]]>
    </line>
    <line>
      <![CDATA[OPen the 2 entry in DCD<br>]]>
    </line>
    <line>
      <![CDATA[Click on Save Button<br>]]>
    </line>
    <line>
      <![CDATA[OPen the 3 entry in DCD<br>]]>
    </line>
    <line>
      <![CDATA[Click on Save Button<br>]]>
    </line>
    <line>
      <![CDATA[OPen the 4 entry in DCD<br>]]>
    </line>
    <line>
      <![CDATA[Click on Save Button<br>]]>
    </line>
    <line>
      <![CDATA[Check Whether  Before-TRED Available on DCD Detail screen<br> ]]>
    </line>
    <line>
      <![CDATA[Click on User Drop Down<br>]]>
    </line>
    <line>
      <![CDATA[Select the User as e100001<br>]]>
    </line>
    <line>
      <![CDATA[Click on Store Dropdown<br>]]>
    </line>
    <line>
      <![CDATA[Select the Store as 762<br>]]>
    </line>
    <line>
      <![CDATA[Click on Menu Icon<br>]]>
    </line>
    <line>
      <![CDATA[Click on Cash Management Menu<br>]]>
    </line>
    <line>
      <![CDATA[Verifying whether the cash option 'Drawer Countdown' was present in the dropdown<br>]]>
    </line>
    <line>
      <![CDATA[Select the Cash management option as Drawer Countdown<br>]]>
    </line>
    <line>
      <![CDATA[Click on Date Picker Button<br>]]>
    </line>
    <line>
      <![CDATA[Click on Previous month button<br>]]>
    </line>
    <line>
      <![CDATA[Click on the date 31<br>]]>
    </line>
    <line>
      <![CDATA[OPen the 1 entry in DCD<br>]]>
    </line>
    <line>
      <![CDATA[Click on Save Button<br>]]>
    </line>
    <line>
      <![CDATA[OPen the 2 entry in DCD<br>]]>
    </line>
    <line>
      <![CDATA[Click on Save Button<br>]]>
    </line>
    <line>
      <![CDATA[OPen the 3 entry in DCD<br>]]>
    </line>
    <line>
      <![CDATA[Click on Save Button<br>]]>
    </line>
    <line>
      <![CDATA[OPen the 4 entry in DCD<br>]]>
    </line>
    <line>
      <![CDATA[Click on Save Button<br>]]>
    </line>
    <line>
      <![CDATA[Check Whether Drawer Couted Cash Field is Available on screen<br> ]]>
    </line>
    <line>
      <![CDATA[Click on User Drop Down<br>]]>
    </line>
    <line>
      <![CDATA[Select the User as e100001<br>]]>
    </line>
    <line>
      <![CDATA[Click on Store Dropdown<br>]]>
    </line>
    <line>
      <![CDATA[Select the Store as 762<br>]]>
    </line>
    <line>
      <![CDATA[Click on Menu Icon<br>]]>
    </line>
    <line>
      <![CDATA[Click on Cash Management Menu<br>]]>
    </line>
    <line>
      <![CDATA[Verifying whether the cash option 'Drawer Countdown' was present in the dropdown<br>]]>
    </line>
    <line>
      <![CDATA[Select the Cash management option as Drawer Countdown<br>]]>
    </line>
    <line>
      <![CDATA[Click on Date Picker Button<br>]]>
    </line>
    <line>
      <![CDATA[Click on Previous month button<br>]]>
    </line>
    <line>
      <![CDATA[Click on the date 31<br>]]>
    </line>
    <line>
      <![CDATA[OPen the 1 entry in DCD<br>]]>
    </line>
    <line>
      <![CDATA[Click on Save Button<br>]]>
    </line>
    <line>
      <![CDATA[OPen the 2 entry in DCD<br>]]>
    </line>
    <line>
      <![CDATA[Click on Save Button<br>]]>
    </line>
    <line>
      <![CDATA[OPen the 3 entry in DCD<br>]]>
    </line>
    <line>
      <![CDATA[Click on Save Button<br>]]>
    </line>
    <line>
      <![CDATA[OPen the 4 entry in DCD<br>]]>
    </line>
    <line>
      <![CDATA[Click on Save Button<br>]]>
    </line>
    <line>
      <![CDATA[Check Whether Forever Difference Field is Available on DCD Detail screen<br> ]]>
    </line>
    <line>
      <![CDATA[Click on User Drop Down<br>]]>
    </line>
    <line>
      <![CDATA[Select the User as e100001<br>]]>
    </line>
    <line>
      <![CDATA[Click on Store Dropdown<br>]]>
    </line>
    <line>
      <![CDATA[Select the Store as 762<br>]]>
    </line>
    <line>
      <![CDATA[Click on Menu Icon<br>]]>
    </line>
    <line>
      <![CDATA[Click on Cash Management Menu<br>]]>
    </line>
    <line>
      <![CDATA[Verifying whether the cash option 'Drawer Countdown' was present in the dropdown<br>]]>
    </line>
    <line>
      <![CDATA[Select the Cash management option as Drawer Countdown<br>]]>
    </line>
    <line>
      <![CDATA[Click on Date Picker Button<br>]]>
    </line>
    <line>
      <![CDATA[Click on Previous month button<br>]]>
    </line>
    <line>
      <![CDATA[Click on the date 31<br>]]>
    </line>
    <line>
      <![CDATA[OPen the 1 entry in DCD<br>]]>
    </line>
    <line>
      <![CDATA[Click on Save Button<br>]]>
    </line>
    <line>
      <![CDATA[OPen the 2 entry in DCD<br>]]>
    </line>
    <line>
      <![CDATA[Click on Save Button<br>]]>
    </line>
    <line>
      <![CDATA[OPen the 3 entry in DCD<br>]]>
    </line>
    <line>
      <![CDATA[Click on Save Button<br>]]>
    </line>
    <line>
      <![CDATA[OPen the 4 entry in DCD<br>]]>
    </line>
    <line>
      <![CDATA[Click on Save Button<br>]]>
    </line>
    <line>
      <![CDATA[Check Whether Forever Difference Field is Available on DCD Detail screen<br> ]]>
    </line>
    <line>
      <![CDATA[Click on User Drop Down<br>]]>
    </line>
    <line>
      <![CDATA[Select the User as e100001<br>]]>
    </line>
    <line>
      <![CDATA[Click on Store Dropdown<br>]]>
    </line>
    <line>
      <![CDATA[Select the Store as 762<br>]]>
    </line>
    <line>
      <![CDATA[Click on Menu Icon<br>]]>
    </line>
    <line>
      <![CDATA[Click on Cash Management Menu<br>]]>
    </line>
    <line>
      <![CDATA[Verifying whether the cash option 'Drawer Countdown' was present in the dropdown<br>]]>
    </line>
    <line>
      <![CDATA[Select the Cash management option as Drawer Countdown<br>]]>
    </line>
    <line>
      <![CDATA[Click on Date Picker Button<br>]]>
    </line>
    <line>
      <![CDATA[Click on Previous month button<br>]]>
    </line>
    <line>
      <![CDATA[Click on the date 31<br>]]>
    </line>
    <line>
      <![CDATA[OPen the 1 entry in DCD<br>]]>
    </line>
    <line>
      <![CDATA[Click on Save Button<br>]]>
    </line>
    <line>
      <![CDATA[OPen the 2 entry in DCD<br>]]>
    </line>
    <line>
      <![CDATA[Click on Save Button<br>]]>
    </line>
    <line>
      <![CDATA[OPen the 3 entry in DCD<br>]]>
    </line>
    <line>
      <![CDATA[Click on Save Button<br>]]>
    </line>
    <line>
      <![CDATA[OPen the 4 entry in DCD<br>]]>
    </line>
    <line>
      <![CDATA[Click on Save Button<br>]]>
    </line>
    <line>
      <![CDATA[Check Whether  Field Cash Over/Short is Available on DCD Detail screen<br> ]]>
    </line>
    <line>
      <![CDATA[Click on User Drop Down<br>]]>
    </line>
    <line>
      <![CDATA[Select the User as e100001<br>]]>
    </line>
    <line>
      <![CDATA[Click on Store Dropdown<br>]]>
    </line>
    <line>
      <![CDATA[Select the Store as 762<br>]]>
    </line>
    <line>
      <![CDATA[Click on Menu Icon<br>]]>
    </line>
    <line>
      <![CDATA[Click on Cash Management Menu<br>]]>
    </line>
    <line>
      <![CDATA[Verifying whether the cash option 'Drawer Countdown' was present in the dropdown<br>]]>
    </line>
    <line>
      <![CDATA[Select the Cash management option as Drawer Countdown<br>]]>
    </line>
    <line>
      <![CDATA[Click on Date Picker Button<br>]]>
    </line>
    <line>
      <![CDATA[Click on Previous month button<br>]]>
    </line>
    <line>
      <![CDATA[Click on the date 31<br>]]>
    </line>
    <line>
      <![CDATA[OPen the 1 entry in DCD<br>]]>
    </line>
    <line>
      <![CDATA[Click on Save Button<br>]]>
    </line>
    <line>
      <![CDATA[OPen the 2 entry in DCD<br>]]>
    </line>
    <line>
      <![CDATA[Click on Save Button<br>]]>
    </line>
    <line>
      <![CDATA[OPen the 3 entry in DCD<br>]]>
    </line>
    <line>
      <![CDATA[Click on Save Button<br>]]>
    </line>
    <line>
      <![CDATA[OPen the 4 entry in DCD<br>]]>
    </line>
    <line>
      <![CDATA[Click on Save Button<br>]]>
    </line>
    <line>
      <![CDATA[Check Whether Forever Difference Field is Available on DCD Detail screen<br> ]]>
    </line>
    <line>
      <![CDATA[Check Whether Skims Field is Available on DCD Detail screen<br> ]]>
    </line>
    <line>
      <![CDATA[Check Whether Expected Drawer Cash Field is Available on DCD Detail screen<br> ]]>
    </line>
    <line>
      <![CDATA[Check Whether  Field Cash Over/Short is Available on DCD Detail screen<br> ]]>
    </line>
    <line>
      <![CDATA[Check Whether  Field Transaction Count Available on DCD Detail screen<br> ]]>
    </line>
    <line>
      <![CDATA[Check Whether Preparer Field is Available on DCD Detail screen<br> ]]>
    </line>
    <line>
      <![CDATA[<br> <a href="file:///D:\BackUp\23Sep\eProfitability_Ecash\eProfitability_Ecash\eProfitability_Ecash\ScreenShots\VerfyingDCSystemCalculatedFields1443097541194.png">View Screenshot</a><br>]]>
    </line>
    <line>
      <![CDATA[Click on User Drop Down<br>]]>
    </line>
    <line>
      <![CDATA[Select the User as e100001<br>]]>
    </line>
    <line>
      <![CDATA[Click on Store Dropdown<br>]]>
    </line>
    <line>
      <![CDATA[Select the Store as 762<br>]]>
    </line>
    <line>
      <![CDATA[Click on Menu Icon<br>]]>
    </line>
    <line>
      <![CDATA[Click on Cash Management Menu<br>]]>
    </line>
    <line>
      <![CDATA[Verifying whether the cash option 'Drawer Countdown' was present in the dropdown<br>]]>
    </line>
    <line>
      <![CDATA[Select the Cash management option as Drawer Countdown<br>]]>
    </line>
    <line>
      <![CDATA[<br> <a href="file:///D:\BackUp\23Sep\eProfitability_Ecash\eProfitability_Ecash\eProfitability_Ecash\ScreenShots\viewingManagerAndCashier1443097612552.png">View Screenshot</a><br>]]>
    </line>
    <line>
      <![CDATA[Click on User Drop Down<br>]]>
    </line>
    <line>
      <![CDATA[Select the User as e100001<br>]]>
    </line>
    <line>
      <![CDATA[Click on Store Dropdown<br>]]>
    </line>
    <line>
      <![CDATA[Select the Store as 762<br>]]>
    </line>
    <line>
      <![CDATA[Click on Menu Icon<br>]]>
    </line>
    <line>
      <![CDATA[Click on Cash Management Menu<br>]]>
    </line>
    <line>
      <![CDATA[Verifying whether the cash option 'Drawer Countdown' was present in the dropdown<br>]]>
    </line>
    <line>
      <![CDATA[Select the Cash management option as Drawer Countdown<br>]]>
    </line>
    <line>
      <![CDATA[Click on Date Picker Button<br>]]>
    </line>
    <line>
      <![CDATA[Click on Previous month button<br>]]>
    </line>
    <line>
      <![CDATA[Click on the date 31<br>]]>
    </line>
    <line>
      <![CDATA[OPen the 1 entry in DCD<br>]]>
    </line>
    <line>
      <![CDATA[Click on Save Button<br>]]>
    </line>
    <line>
      <![CDATA[OPen the 2 entry in DCD<br>]]>
    </line>
    <line>
      <![CDATA[Click on Save Button<br>]]>
    </line>
    <line>
      <![CDATA[OPen the 3 entry in DCD<br>]]>
    </line>
    <line>
      <![CDATA[Click on Save Button<br>]]>
    </line>
    <line>
      <![CDATA[OPen the 4 entry in DCD<br>]]>
    </line>
    <line>
      <![CDATA[Click on Save Button<br>]]>
    </line>
    <line>
      <![CDATA[Click on User Drop Down<br>]]>
    </line>
    <line>
      <![CDATA[Select the User as e100001<br>]]>
    </line>
    <line>
      <![CDATA[Click on Store Dropdown<br>]]>
    </line>
    <line>
      <![CDATA[Select the Store as 762<br>]]>
    </line>
    <line>
      <![CDATA[Click on Menu Icon<br>]]>
    </line>
    <line>
      <![CDATA[Click on Cash Management Menu<br>]]>
    </line>
    <line>
      <![CDATA[Verifying whether the cash option 'Drawer Countdown' was present in the dropdown<br>]]>
    </line>
    <line>
      <![CDATA[Select the Cash management option as Drawer Countdown<br>]]>
    </line>
    <line>
      <![CDATA[Click on Date Picker Button<br>]]>
    </line>
    <line>
      <![CDATA[Click on Previous month button<br>]]>
    </line>
    <line>
      <![CDATA[Click on the date 31<br>]]>
    </line>
    <line>
      <![CDATA[OPen the 1 entry in DCD<br>]]>
    </line>
    <line>
      <![CDATA[Click on Save Button<br>]]>
    </line>
    <line>
      <![CDATA[OPen the 2 entry in DCD<br>]]>
    </line>
    <line>
      <![CDATA[Click on Save Button<br>]]>
    </line>
    <line>
      <![CDATA[OPen the 3 entry in DCD<br>]]>
    </line>
    <line>
      <![CDATA[Click on Save Button<br>]]>
    </line>
    <line>
      <![CDATA[OPen the 4 entry in DCD<br>]]>
    </line>
    <line>
      <![CDATA[Click on Save Button<br>]]>
    </line>
  </reporter-output>
  <suite name="Regression Test Suite" duration-ms="2018148" started-at="2015-09-24T11:55:46Z" finished-at="2015-09-24T12:29:24Z">
    <groups>
    </groups>
    <test name="Drawer Countdown  - US 84" duration-ms="2018148" started-at="2015-09-24T11:55:46Z" finished-at="2015-09-24T12:29:24Z">
      <class name="com.mcdebos.ecash.drawercount.TestDrawerCount">
        <test-method status="PASS" signature="setUp(java.lang.String, java.lang.String)[pri:0, instance:com.mcdebos.ecash.drawercount.TestDrawerCount@13fcdbd]" name="setUp" is-config="true" duration-ms="36201" started-at="2015-09-24T17:25:46Z" finished-at="2015-09-24T17:26:22Z">
          <params>
            <param index="0">
              <value>
                <![CDATA[firefox]]>
              </value>
            </param>
            <param index="1">
              <value>
                <![CDATA[http://dev-localapp.mcdebos.com]]>
              </value>
            </param>
          </params>
          <reporter-output>
          </reporter-output>
        </test-method> <!-- setUp -->
        <test-method status="PASS" signature="pathwayToDCD(com.mcdebos.ecash.excelutils.DrawerCountDownData)[pri:0, instance:com.mcdebos.ecash.drawercount.TestDrawerCount@13fcdbd]" name="pathwayToDCD" duration-ms="7619" started-at="2015-09-24T17:26:22Z" description="Verify the Pathway to navigate to Drawer count down Landing Page from eProfitability Main Menu" data-provider="TC_548" finished-at="2015-09-24T17:26:30Z">
          <params>
            <param index="0">
              <value>
                <![CDATA[com.mcdebos.ecash.excelutils.DrawerCountDownData@1399441]]>
              </value>
            </param>
          </params>
          <reporter-output>
            <line>
              <![CDATA[Click on User Drop Down<br>]]>
            </line>
            <line>
              <![CDATA[Select the User as e100001<br>]]>
            </line>
            <line>
              <![CDATA[Click on Store Dropdown<br>]]>
            </line>
            <line>
              <![CDATA[Select the Store as 762<br>]]>
            </line>
            <line>
              <![CDATA[Click on Menu Icon<br>]]>
            </line>
            <line>
              <![CDATA[Click on Cash Management Menu<br>]]>
            </line>
            <line>
              <![CDATA[Verifying whether the cash option 'Drawer Countdown' was present in the dropdown<br>]]>
            </line>
            <line>
              <![CDATA[Select the Cash management option as Drawer Countdown<br>]]>
            </line>
          </reporter-output>
        </test-method> <!-- pathwayToDCD -->
        <test-method status="PASS" signature="tearDown()[pri:0, instance:com.mcdebos.ecash.drawercount.TestDrawerCount@13fcdbd]" name="tearDown" is-config="true" duration-ms="845" started-at="2015-09-24T17:26:30Z" finished-at="2015-09-24T17:26:31Z">
          <reporter-output>
          </reporter-output>
        </test-method> <!-- tearDown -->
        <test-method status="PASS" signature="setUp(java.lang.String, java.lang.String)[pri:0, instance:com.mcdebos.ecash.drawercount.TestDrawerCount@13fcdbd]" name="setUp" is-config="true" duration-ms="29503" started-at="2015-09-24T17:26:31Z" finished-at="2015-09-24T17:27:01Z">
          <params>
            <param index="0">
              <value>
                <![CDATA[firefox]]>
              </value>
            </param>
            <param index="1">
              <value>
                <![CDATA[http://dev-localapp.mcdebos.com]]>
              </value>
            </param>
          </params>
          <reporter-output>
          </reporter-output>
        </test-method> <!-- setUp -->
        <test-method status="PASS" signature="identificationOfDCDInCashSystem(com.mcdebos.ecash.excelutils.DrawerCountDownData)[pri:0, instance:com.mcdebos.ecash.drawercount.TestDrawerCount@13fcdbd]" name="identificationOfDCDInCashSystem" duration-ms="8442" started-at="2015-09-24T17:27:01Z" description="Verify that DCD is available in Cash system" data-provider="TC_548" finished-at="2015-09-24T17:27:09Z">
          <params>
            <param index="0">
              <value>
                <![CDATA[com.mcdebos.ecash.excelutils.DrawerCountDownData@2ea68c]]>
              </value>
            </param>
          </params>
          <reporter-output>
            <line>
              <![CDATA[Click on User Drop Down<br>]]>
            </line>
            <line>
              <![CDATA[Select the User as e100001<br>]]>
            </line>
            <line>
              <![CDATA[Click on Store Dropdown<br>]]>
            </line>
            <line>
              <![CDATA[Select the Store as 762<br>]]>
            </line>
            <line>
              <![CDATA[Click on Menu Icon<br>]]>
            </line>
            <line>
              <![CDATA[Click on Cash Management Menu<br>]]>
            </line>
            <line>
              <![CDATA[Verifying whether the cash option 'Drawer Countdown' was present in the dropdown<br>]]>
            </line>
            <line>
              <![CDATA[Select the Cash management option as Drawer Countdown<br>]]>
            </line>
            <line>
              <![CDATA[Checking whether DCD Page was displayed<br>]]>
            </line>
          </reporter-output>
        </test-method> <!-- identificationOfDCDInCashSystem -->
        <test-method status="PASS" signature="tearDown()[pri:0, instance:com.mcdebos.ecash.drawercount.TestDrawerCount@13fcdbd]" name="tearDown" is-config="true" duration-ms="991" started-at="2015-09-24T17:27:09Z" finished-at="2015-09-24T17:27:10Z">
          <reporter-output>
          </reporter-output>
        </test-method> <!-- tearDown -->
        <test-method status="PASS" signature="setUp(java.lang.String, java.lang.String)[pri:0, instance:com.mcdebos.ecash.drawercount.TestDrawerCount@13fcdbd]" name="setUp" is-config="true" duration-ms="28540" started-at="2015-09-24T17:27:10Z" finished-at="2015-09-24T17:27:39Z">
          <params>
            <param index="0">
              <value>
                <![CDATA[firefox]]>
              </value>
            </param>
            <param index="1">
              <value>
                <![CDATA[http://dev-localapp.mcdebos.com]]>
              </value>
            </param>
          </params>
          <reporter-output>
          </reporter-output>
        </test-method> <!-- setUp -->
        <test-method status="PASS" signature="identificationOfStoreNumberOnDCDPage(com.mcdebos.ecash.excelutils.DrawerCountDownData)[pri:0, instance:com.mcdebos.ecash.drawercount.TestDrawerCount@13fcdbd]" name="identificationOfStoreNumberOnDCDPage" duration-ms="4766" started-at="2015-09-24T17:27:39Z" description="Verify that user is able to view Store number on DCD landing page" data-provider="TC_548" finished-at="2015-09-24T17:27:44Z">
          <params>
            <param index="0">
              <value>
                <![CDATA[com.mcdebos.ecash.excelutils.DrawerCountDownData@1d323e9]]>
              </value>
            </param>
          </params>
          <reporter-output>
            <line>
              <![CDATA[Click on User Drop Down<br>]]>
            </line>
            <line>
              <![CDATA[Select the User as e100001<br>]]>
            </line>
            <line>
              <![CDATA[Click on Store Dropdown<br>]]>
            </line>
            <line>
              <![CDATA[Select the Store as 762<br>]]>
            </line>
            <line>
              <![CDATA[Retrieving store number<br>]]>
            </line>
          </reporter-output>
        </test-method> <!-- identificationOfStoreNumberOnDCDPage -->
        <test-method status="PASS" signature="tearDown()[pri:0, instance:com.mcdebos.ecash.drawercount.TestDrawerCount@13fcdbd]" name="tearDown" is-config="true" duration-ms="842" started-at="2015-09-24T17:27:44Z" finished-at="2015-09-24T17:27:45Z">
          <reporter-output>
          </reporter-output>
        </test-method> <!-- tearDown -->
        <test-method status="PASS" signature="setUp(java.lang.String, java.lang.String)[pri:0, instance:com.mcdebos.ecash.drawercount.TestDrawerCount@13fcdbd]" name="setUp" is-config="true" duration-ms="27960" started-at="2015-09-24T17:27:45Z" finished-at="2015-09-24T17:28:13Z">
          <params>
            <param index="0">
              <value>
                <![CDATA[firefox]]>
              </value>
            </param>
            <param index="1">
              <value>
                <![CDATA[http://dev-localapp.mcdebos.com]]>
              </value>
            </param>
          </params>
          <reporter-output>
          </reporter-output>
        </test-method> <!-- setUp -->
        <test-method status="PASS" signature="identificationOfDefaultBusinessDay(com.mcdebos.ecash.excelutils.DrawerCountDownData)[pri:0, instance:com.mcdebos.ecash.drawercount.TestDrawerCount@13fcdbd]" name="identificationOfDefaultBusinessDay" duration-ms="8730" started-at="2015-09-24T17:28:13Z" description="Verify the default value for DCD Business Date field on DCD landing page" data-provider="TC_548" finished-at="2015-09-24T17:28:22Z">
          <params>
            <param index="0">
              <value>
                <![CDATA[com.mcdebos.ecash.excelutils.DrawerCountDownData@1713d56]]>
              </value>
            </param>
          </params>
          <reporter-output>
            <line>
              <![CDATA[Click on User Drop Down<br>]]>
            </line>
            <line>
              <![CDATA[Select the User as e100001<br>]]>
            </line>
            <line>
              <![CDATA[Click on Store Dropdown<br>]]>
            </line>
            <line>
              <![CDATA[Select the Store as 762<br>]]>
            </line>
            <line>
              <![CDATA[Click on Menu Icon<br>]]>
            </line>
            <line>
              <![CDATA[Click on Cash Management Menu<br>]]>
            </line>
            <line>
              <![CDATA[Verifying whether the cash option 'Drawer Countdown' was present in the dropdown<br>]]>
            </line>
            <line>
              <![CDATA[Select the Cash management option as Drawer Countdown<br>]]>
            </line>
            <line>
              <![CDATA[Checking whether business date text box was displayed<br>]]>
            </line>
            <line>
              <![CDATA[Checking whether date pickr buttton was displayed<br>]]>
            </line>
            <line>
              <![CDATA[Getting the default date<br>]]>
            </line>
          </reporter-output>
        </test-method> <!-- identificationOfDefaultBusinessDay -->
        <test-method status="PASS" signature="tearDown()[pri:0, instance:com.mcdebos.ecash.drawercount.TestDrawerCount@13fcdbd]" name="tearDown" is-config="true" duration-ms="801" started-at="2015-09-24T17:28:22Z" finished-at="2015-09-24T17:28:23Z">
          <reporter-output>
          </reporter-output>
        </test-method> <!-- tearDown -->
        <test-method status="PASS" signature="setUp(java.lang.String, java.lang.String)[pri:0, instance:com.mcdebos.ecash.drawercount.TestDrawerCount@13fcdbd]" name="setUp" is-config="true" duration-ms="27869" started-at="2015-09-24T17:28:23Z" finished-at="2015-09-24T17:28:51Z">
          <params>
            <param index="0">
              <value>
                <![CDATA[firefox]]>
              </value>
            </param>
            <param index="1">
              <value>
                <![CDATA[http://dev-localapp.mcdebos.com]]>
              </value>
            </param>
          </params>
          <reporter-output>
          </reporter-output>
        </test-method> <!-- setUp -->
        <test-method status="PASS" signature="userConfirmationNotRequired(com.mcdebos.ecash.excelutils.DrawerCountDownData)[pri:0, instance:com.mcdebos.ecash.drawercount.TestDrawerCount@13fcdbd]" name="userConfirmationNotRequired" duration-ms="11301" started-at="2015-09-24T17:28:51Z" description="Verify that user confirmation is not required to view Drawer Counts after selecting desired business date" data-provider="TC_548" finished-at="2015-09-24T17:29:02Z">
          <params>
            <param index="0">
              <value>
                <![CDATA[com.mcdebos.ecash.excelutils.DrawerCountDownData@97d59]]>
              </value>
            </param>
          </params>
          <reporter-output>
            <line>
              <![CDATA[Click on User Drop Down<br>]]>
            </line>
            <line>
              <![CDATA[Select the User as e100001<br>]]>
            </line>
            <line>
              <![CDATA[Click on Store Dropdown<br>]]>
            </line>
            <line>
              <![CDATA[Select the Store as 762<br>]]>
            </line>
            <line>
              <![CDATA[Click on Menu Icon<br>]]>
            </line>
            <line>
              <![CDATA[Click on Cash Management Menu<br>]]>
            </line>
            <line>
              <![CDATA[Verifying whether the cash option 'Drawer Countdown' was present in the dropdown<br>]]>
            </line>
            <line>
              <![CDATA[Select the Cash management option as Drawer Countdown<br>]]>
            </line>
            <line>
              <![CDATA[Click on Date Picker Button<br>]]>
            </line>
            <line>
              <![CDATA[No change in month<br>]]>
            </line>
            <line>
              <![CDATA[Click on the date 24<br>]]>
            </line>
          </reporter-output>
        </test-method> <!-- userConfirmationNotRequired -->
        <test-method status="PASS" signature="tearDown()[pri:0, instance:com.mcdebos.ecash.drawercount.TestDrawerCount@13fcdbd]" name="tearDown" is-config="true" duration-ms="877" started-at="2015-09-24T17:29:02Z" finished-at="2015-09-24T17:29:03Z">
          <reporter-output>
          </reporter-output>
        </test-method> <!-- tearDown -->
        <test-method status="PASS" signature="setUp(java.lang.String, java.lang.String)[pri:0, instance:com.mcdebos.ecash.drawercount.TestDrawerCount@13fcdbd]" name="setUp" is-config="true" duration-ms="122395" started-at="2015-09-24T17:29:03Z" finished-at="2015-09-24T17:31:05Z">
          <params>
            <param index="0">
              <value>
                <![CDATA[firefox]]>
              </value>
            </param>
            <param index="1">
              <value>
                <![CDATA[http://dev-localapp.mcdebos.com]]>
              </value>
            </param>
          </params>
          <reporter-output>
          </reporter-output>
        </test-method> <!-- setUp -->
        <test-method status="PASS" signature="selectingDateCalenderFunction(com.mcdebos.ecash.excelutils.DrawerCountDownData)[pri:0, instance:com.mcdebos.ecash.drawercount.TestDrawerCount@13fcdbd]" name="selectingDateCalenderFunction" duration-ms="28524" started-at="2015-09-24T17:31:05Z" description="Verify that user is able to select date by using Calendar function" data-provider="TC_548" finished-at="2015-09-24T17:31:34Z">
          <params>
            <param index="0">
              <value>
                <![CDATA[com.mcdebos.ecash.excelutils.DrawerCountDownData@1330ac6]]>
              </value>
            </param>
          </params>
          <reporter-output>
            <line>
              <![CDATA[Click on User Drop Down<br>]]>
            </line>
            <line>
              <![CDATA[Select the User as e100001<br>]]>
            </line>
            <line>
              <![CDATA[Click on Store Dropdown<br>]]>
            </line>
            <line>
              <![CDATA[Select the Store as 762<br>]]>
            </line>
            <line>
              <![CDATA[Click on Menu Icon<br>]]>
            </line>
            <line>
              <![CDATA[Click on Cash Management Menu<br>]]>
            </line>
            <line>
              <![CDATA[Verifying whether the cash option 'Drawer Countdown' was present in the dropdown<br>]]>
            </line>
            <line>
              <![CDATA[Select the Cash management option as Drawer Countdown<br>]]>
            </line>
            <line>
              <![CDATA[Retrieving the current month from the date picker<br>]]>
            </line>
            <line>
              <![CDATA[Click on Date Picker Button<br>]]>
            </line>
            <line>
              <![CDATA[Click on Previous month button<br>]]>
            </line>
            <line>
              <![CDATA[Click on the date 31<br>]]>
            </line>
            <line>
              <![CDATA[Getting the default date<br>]]>
            </line>
            <line>
              <![CDATA[Checking whether Drawer count details was displayed<br>]]>
            </line>
          </reporter-output>
        </test-method> <!-- selectingDateCalenderFunction -->
        <test-method status="PASS" signature="tearDown()[pri:0, instance:com.mcdebos.ecash.drawercount.TestDrawerCount@13fcdbd]" name="tearDown" is-config="true" duration-ms="910" started-at="2015-09-24T17:31:34Z" finished-at="2015-09-24T17:31:35Z">
          <reporter-output>
          </reporter-output>
        </test-method> <!-- tearDown -->
        <test-method status="PASS" signature="setUp(java.lang.String, java.lang.String)[pri:0, instance:com.mcdebos.ecash.drawercount.TestDrawerCount@13fcdbd]" name="setUp" is-config="true" duration-ms="34213" started-at="2015-09-24T17:31:35Z" finished-at="2015-09-24T17:32:09Z">
          <params>
            <param index="0">
              <value>
                <![CDATA[firefox]]>
              </value>
            </param>
            <param index="1">
              <value>
                <![CDATA[http://dev-localapp.mcdebos.com]]>
              </value>
            </param>
          </params>
          <reporter-output>
          </reporter-output>
        </test-method> <!-- setUp -->
        <test-method status="PASS" signature="selectingPastBusinessDate(com.mcdebos.ecash.excelutils.DrawerCountDownData)[pri:0, instance:com.mcdebos.ecash.drawercount.TestDrawerCount@13fcdbd]" name="selectingPastBusinessDate" duration-ms="14387" started-at="2015-09-24T17:32:09Z" description="Verify that user is able to go back 60 days within the calendar view and after selecting any date in this range, result appears in &#039;View Only&#039; format" data-provider="TC_548" finished-at="2015-09-24T17:32:24Z">
          <params>
            <param index="0">
              <value>
                <![CDATA[com.mcdebos.ecash.excelutils.DrawerCountDownData@1de5d22]]>
              </value>
            </param>
          </params>
          <reporter-output>
            <line>
              <![CDATA[Click on User Drop Down<br>]]>
            </line>
            <line>
              <![CDATA[Select the User as e100001<br>]]>
            </line>
            <line>
              <![CDATA[Click on Store Dropdown<br>]]>
            </line>
            <line>
              <![CDATA[Select the Store as 762<br>]]>
            </line>
            <line>
              <![CDATA[Click on Menu Icon<br>]]>
            </line>
            <line>
              <![CDATA[Click on Cash Management Menu<br>]]>
            </line>
            <line>
              <![CDATA[Verifying whether the cash option 'Drawer Countdown' was present in the dropdown<br>]]>
            </line>
            <line>
              <![CDATA[Select the Cash management option as Drawer Countdown<br>]]>
            </line>
            <line>
              <![CDATA[Click on Date Picker Button<br>]]>
            </line>
            <line>
              <![CDATA[Click on Previous month button<br>]]>
            </line>
            <line>
              <![CDATA[Click on Previous month button<br>]]>
            </line>
            <line>
              <![CDATA[Checking whether the date was greyed out<br>]]>
            </line>
            <line>
              <![CDATA[Click on Date Picker Button<br>]]>
            </line>
            <line>
              <![CDATA[Click on Previous month button<br>]]>
            </line>
            <line>
              <![CDATA[Click on Previous month button<br>]]>
            </line>
            <line>
              <![CDATA[Click on the date 25<br>]]>
            </line>
            <line>
              <![CDATA[Getting the default date<br>]]>
            </line>
            <line>
              <![CDATA[Click on Date Picker Button<br>]]>
            </line>
            <line>
              <![CDATA[Click on Previous month button<br>]]>
            </line>
            <line>
              <![CDATA[Click on Previous month button<br>]]>
            </line>
            <line>
              <![CDATA[Click on the date 27<br>]]>
            </line>
            <line>
              <![CDATA[Getting the default date<br>]]>
            </line>
          </reporter-output>
        </test-method> <!-- selectingPastBusinessDate -->
        <test-method status="PASS" signature="tearDown()[pri:0, instance:com.mcdebos.ecash.drawercount.TestDrawerCount@13fcdbd]" name="tearDown" is-config="true" duration-ms="843" started-at="2015-09-24T17:32:24Z" finished-at="2015-09-24T17:32:25Z">
          <reporter-output>
          </reporter-output>
        </test-method> <!-- tearDown -->
        <test-method status="PASS" signature="setUp(java.lang.String, java.lang.String)[pri:0, instance:com.mcdebos.ecash.drawercount.TestDrawerCount@13fcdbd]" name="setUp" is-config="true" duration-ms="26745" started-at="2015-09-24T17:32:25Z" finished-at="2015-09-24T17:32:52Z">
          <params>
            <param index="0">
              <value>
                <![CDATA[firefox]]>
              </value>
            </param>
            <param index="1">
              <value>
                <![CDATA[http://dev-localapp.mcdebos.com]]>
              </value>
            </param>
          </params>
          <reporter-output>
          </reporter-output>
        </test-method> <!-- setUp -->
        <test-method status="PASS" signature="selectFutureDate(com.mcdebos.ecash.excelutils.DrawerCountDownData)[pri:0, instance:com.mcdebos.ecash.drawercount.TestDrawerCount@13fcdbd]" name="selectFutureDate" duration-ms="10115" started-at="2015-09-24T17:32:52Z" data-provider="TC_549" finished-at="2015-09-24T17:33:02Z">
          <params>
            <param index="0">
              <value>
                <![CDATA[com.mcdebos.ecash.excelutils.DrawerCountDownData@45445a]]>
              </value>
            </param>
          </params>
          <reporter-output>
            <line>
              <![CDATA[Click on User Drop Down<br>]]>
            </line>
            <line>
              <![CDATA[Select the User as e100001<br>]]>
            </line>
            <line>
              <![CDATA[Click on Store Dropdown<br>]]>
            </line>
            <line>
              <![CDATA[Select the Store as 762<br>]]>
            </line>
            <line>
              <![CDATA[Click on Menu Icon<br>]]>
            </line>
            <line>
              <![CDATA[Click on Cash Management Menu<br>]]>
            </line>
            <line>
              <![CDATA[Verifying whether the cash option 'Drawer Countdown' was present in the dropdown<br>]]>
            </line>
            <line>
              <![CDATA[Select the Cash management option as Drawer Countdown<br>]]>
            </line>
            <line>
              <![CDATA[Click on Date Picker Button<br>]]>
            </line>
            <line>
              <![CDATA[No change in month<br>]]>
            </line>
            <line>
              <![CDATA[Click on the date 24<br>]]>
            </line>
          </reporter-output>
        </test-method> <!-- selectFutureDate -->
        <test-method status="PASS" signature="tearDown()[pri:0, instance:com.mcdebos.ecash.drawercount.TestDrawerCount@13fcdbd]" name="tearDown" is-config="true" duration-ms="839" started-at="2015-09-24T17:33:02Z" finished-at="2015-09-24T17:33:03Z">
          <reporter-output>
          </reporter-output>
        </test-method> <!-- tearDown -->
        <test-method status="PASS" signature="setUp(java.lang.String, java.lang.String)[pri:0, instance:com.mcdebos.ecash.drawercount.TestDrawerCount@13fcdbd]" name="setUp" is-config="true" duration-ms="27844" started-at="2015-09-24T17:33:03Z" finished-at="2015-09-24T17:33:31Z">
          <params>
            <param index="0">
              <value>
                <![CDATA[firefox]]>
              </value>
            </param>
            <param index="1">
              <value>
                <![CDATA[http://dev-localapp.mcdebos.com]]>
              </value>
            </param>
          </params>
          <reporter-output>
          </reporter-output>
        </test-method> <!-- setUp -->
        <test-method status="PASS" signature="viewDCDEntries(com.mcdebos.ecash.excelutils.DrawerCountDownData)[pri:0, instance:com.mcdebos.ecash.drawercount.TestDrawerCount@13fcdbd]" name="viewDCDEntries" duration-ms="15498" started-at="2015-09-24T17:33:31Z" data-provider="TC_549" finished-at="2015-09-24T17:33:46Z">
          <params>
            <param index="0">
              <value>
                <![CDATA[com.mcdebos.ecash.excelutils.DrawerCountDownData@15dfcc6]]>
              </value>
            </param>
          </params>
          <reporter-output>
            <line>
              <![CDATA[Click on User Drop Down<br>]]>
            </line>
            <line>
              <![CDATA[Select the User as e100001<br>]]>
            </line>
            <line>
              <![CDATA[Click on Store Dropdown<br>]]>
            </line>
            <line>
              <![CDATA[Select the Store as 762<br>]]>
            </line>
            <line>
              <![CDATA[Click on Menu Icon<br>]]>
            </line>
            <line>
              <![CDATA[Click on Cash Management Menu<br>]]>
            </line>
            <line>
              <![CDATA[Verifying whether the cash option 'Drawer Countdown' was present in the dropdown<br>]]>
            </line>
            <line>
              <![CDATA[Select the Cash management option as Drawer Countdown<br>]]>
            </line>
            <line>
              <![CDATA[Click on Date Picker Button<br>]]>
            </line>
            <line>
              <![CDATA[Click on Previous month button<br>]]>
            </line>
            <line>
              <![CDATA[Click on the date 31<br>]]>
            </line>
            <line>
              <![CDATA[Checking whether Register fields were displayed<br>]]>
            </line>
            <line>
              <![CDATA[Checking whether Type field was displayed<br>]]>
            </line>
            <line>
              <![CDATA[Checking whether close time was displayed<br>]]>
            </line>
            <line>
              <![CDATA[Checking whether Manager field was displayed<br>]]>
            </line>
            <line>
              <![CDATA[Checking whether cashier field was displayed<br>]]>
            </line>
            <line>
              <![CDATA[Checking whether Deposit code was displayed<br>]]>
            </line>
            <line>
              <![CDATA[Checking whether status was displayed<br>]]>
            </line>
            <line>
              <![CDATA[Checking whether sales field was displayed<br>]]>
            </line>
          </reporter-output>
        </test-method> <!-- viewDCDEntries -->
        <test-method status="PASS" signature="tearDown()[pri:0, instance:com.mcdebos.ecash.drawercount.TestDrawerCount@13fcdbd]" name="tearDown" is-config="true" duration-ms="815" started-at="2015-09-24T17:33:46Z" finished-at="2015-09-24T17:33:47Z">
          <reporter-output>
          </reporter-output>
        </test-method> <!-- tearDown -->
        <test-method status="PASS" signature="setUp(java.lang.String, java.lang.String)[pri:0, instance:com.mcdebos.ecash.drawercount.TestDrawerCount@13fcdbd]" name="setUp" is-config="true" duration-ms="28418" started-at="2015-09-24T17:33:47Z" finished-at="2015-09-24T17:34:16Z">
          <params>
            <param index="0">
              <value>
                <![CDATA[firefox]]>
              </value>
            </param>
            <param index="1">
              <value>
                <![CDATA[http://dev-localapp.mcdebos.com]]>
              </value>
            </param>
          </params>
          <reporter-output>
          </reporter-output>
        </test-method> <!-- setUp -->
        <test-method status="FAIL" signature="changeDCDDetailsFromInprogressToCounted(com.mcdebos.ecash.excelutils.DrawerCountDownData)[pri:0, instance:com.mcdebos.ecash.drawercount.TestDrawerCount@13fcdbd]" name="changeDCDDetailsFromInprogressToCounted" duration-ms="48426" started-at="2015-09-24T17:34:16Z" data-provider="TC_549" finished-at="2015-09-24T17:35:04Z">
          <params>
            <param index="0">
              <value>
                <![CDATA[com.mcdebos.ecash.excelutils.DrawerCountDownData@2721fe]]>
              </value>
            </param>
          </params>
          <exception class="org.openqa.selenium.TimeoutException">
            <message>
              <![CDATA[Timed out after 30 seconds waiting for element to be clickable: By.xpath: (//span[contains(text(),'Counted')])[1]
Build info: version: '2.45.0', revision: '5017cb8', time: '2015-02-26 23:59:50'
System info: host: 'DS-7071BC8FD8F3', ip: '10.112.88.8', os.name: 'Windows 7', os.arch: 'x86', os.version: '6.1', java.version: '1.8.0_45'
Driver info: org.openqa.selenium.firefox.FirefoxDriver
Capabilities [{applicationCacheEnabled=true, rotatable=false, handlesAlerts=true, databaseEnabled=true, version=38.0, platform=WINDOWS, nativeEvents=false, acceptSslCerts=true, webStorageEnabled=true, locationContextEnabled=true, browserName=firefox, takesScreenshot=true, javascriptEnabled=true, cssSelectorsEnabled=true}]
Session ID: 50a4b023-5825-4a89-8f89-d0b4b8176797]]>
            </message>
            <full-stacktrace>
              <![CDATA[org.openqa.selenium.TimeoutException: Timed out after 30 seconds waiting for element to be clickable: By.xpath: (//span[contains(text(),'Counted')])[1]
Build info: version: '2.45.0', revision: '5017cb8', time: '2015-02-26 23:59:50'
System info: host: 'DS-7071BC8FD8F3', ip: '10.112.88.8', os.name: 'Windows 7', os.arch: 'x86', os.version: '6.1', java.version: '1.8.0_45'
Driver info: org.openqa.selenium.firefox.FirefoxDriver
Capabilities [{applicationCacheEnabled=true, rotatable=false, handlesAlerts=true, databaseEnabled=true, version=38.0, platform=WINDOWS, nativeEvents=false, acceptSslCerts=true, webStorageEnabled=true, locationContextEnabled=true, browserName=firefox, takesScreenshot=true, javascriptEnabled=true, cssSelectorsEnabled=true}]
Session ID: 50a4b023-5825-4a89-8f89-d0b4b8176797
	at org.openqa.selenium.support.ui.WebDriverWait.timeoutException(WebDriverWait.java:79)
	at org.openqa.selenium.support.ui.FluentWait.until(FluentWait.java:228)
	at com.mcdebos.ecash.pages.DrawerCountDownPage.inprogressToCounted(DrawerCountDownPage.java:680)
	at com.mcdebos.ecash.drawercount.TestDrawerCount.changeDCDDetailsFromInprogressToCounted(TestDrawerCount.java:265)
	at sun.reflect.NativeMethodAccessorImpl.invoke0(Native Method)
	at sun.reflect.NativeMethodAccessorImpl.invoke(Unknown Source)
	at sun.reflect.DelegatingMethodAccessorImpl.invoke(Unknown Source)
	at java.lang.reflect.Method.invoke(Unknown Source)
	at org.testng.internal.MethodInvocationHelper.invokeMethod(MethodInvocationHelper.java:84)
	at org.testng.internal.Invoker.invokeMethod(Invoker.java:714)
	at org.testng.internal.Invoker.invokeTestMethod(Invoker.java:901)
	at org.testng.internal.Invoker.invokeTestMethods(Invoker.java:1231)
	at org.testng.internal.TestMethodWorker.invokeTestMethods(TestMethodWorker.java:127)
	at org.testng.internal.TestMethodWorker.run(TestMethodWorker.java:111)
	at org.testng.TestRunner.privateRun(TestRunner.java:767)
	at org.testng.TestRunner.run(TestRunner.java:617)
	at org.testng.SuiteRunner.runTest(SuiteRunner.java:334)
	at org.testng.SuiteRunner.runSequentially(SuiteRunner.java:329)
	at org.testng.SuiteRunner.privateRun(SuiteRunner.java:291)
	at org.testng.SuiteRunner.run(SuiteRunner.java:240)
	at org.testng.SuiteRunnerWorker.runSuite(SuiteRunnerWorker.java:52)
	at org.testng.SuiteRunnerWorker.run(SuiteRunnerWorker.java:86)
	at org.testng.TestNG.runSuitesSequentially(TestNG.java:1224)
	at org.testng.TestNG.runSuitesLocally(TestNG.java:1149)
	at org.testng.TestNG.run(TestNG.java:1057)
	at org.testng.remote.RemoteTestNG.run(RemoteTestNG.java:111)
	at org.testng.remote.RemoteTestNG.initAndRun(RemoteTestNG.java:204)
	at org.testng.remote.RemoteTestNG.main(RemoteTestNG.java:175)
]]>
            </full-stacktrace>
          </exception> <!-- org.openqa.selenium.TimeoutException -->
          <reporter-output>
            <line>
              <![CDATA[Click on User Drop Down<br>]]>
            </line>
            <line>
              <![CDATA[Select the User as e100001<br>]]>
            </line>
            <line>
              <![CDATA[Click on Store Dropdown<br>]]>
            </line>
            <line>
              <![CDATA[Select the Store as 762<br>]]>
            </line>
            <line>
              <![CDATA[Click on Menu Icon<br>]]>
            </line>
            <line>
              <![CDATA[Click on Cash Management Menu<br>]]>
            </line>
            <line>
              <![CDATA[Verifying whether the cash option 'Drawer Countdown' was present in the dropdown<br>]]>
            </line>
            <line>
              <![CDATA[Select the Cash management option as Drawer Countdown<br>]]>
            </line>
            <line>
              <![CDATA[Click on Date Picker Button<br>]]>
            </line>
            <line>
              <![CDATA[Click on Previous month button<br>]]>
            </line>
            <line>
              <![CDATA[Click on the date 31<br>]]>
            </line>
            <line>
              <![CDATA[Open the 1 entry in DCD<br>]]>
            </line>
            <line>
              <![CDATA[Enter Envelope ID as AA<br>]]>
            </line>
            <line>
              <![CDATA[Click on Finalize Button<br>]]>
            </line>
            <line>
              <![CDATA[<br> <a href="file:///D:\BackUp\23Sep\eProfitability_Ecash\eProfitability_Ecash\eProfitability_Ecash\ScreenShots\changeDCDDetailsFromInprogressToCounted1443096305058.png">View Screenshot</a><br>]]>
            </line>
          </reporter-output>
        </test-method> <!-- changeDCDDetailsFromInprogressToCounted -->
        <test-method status="PASS" signature="tearDown()[pri:0, instance:com.mcdebos.ecash.drawercount.TestDrawerCount@13fcdbd]" name="tearDown" is-config="true" duration-ms="858" started-at="2015-09-24T17:35:05Z" finished-at="2015-09-24T17:35:06Z">
          <reporter-output>
          </reporter-output>
        </test-method> <!-- tearDown -->
        <test-method status="PASS" signature="setUp(java.lang.String, java.lang.String)[pri:0, instance:com.mcdebos.ecash.drawercount.TestDrawerCount@13fcdbd]" name="setUp" is-config="true" duration-ms="27776" started-at="2015-09-24T17:35:06Z" finished-at="2015-09-24T17:35:34Z">
          <params>
            <param index="0">
              <value>
                <![CDATA[firefox]]>
              </value>
            </param>
            <param index="1">
              <value>
                <![CDATA[http://dev-localapp.mcdebos.com]]>
              </value>
            </param>
          </params>
          <reporter-output>
          </reporter-output>
        </test-method> <!-- setUp -->
        <test-method status="FAIL" signature="changeDCDDetailsFromCountedToInprogress(com.mcdebos.ecash.excelutils.DrawerCountDownData)[pri:0, instance:com.mcdebos.ecash.drawercount.TestDrawerCount@13fcdbd]" name="changeDCDDetailsFromCountedToInprogress" duration-ms="40166" started-at="2015-09-24T17:35:34Z" data-provider="TC_549" finished-at="2015-09-24T17:36:14Z">
          <params>
            <param index="0">
              <value>
                <![CDATA[com.mcdebos.ecash.excelutils.DrawerCountDownData@84a8e1]]>
              </value>
            </param>
          </params>
          <exception class="org.openqa.selenium.ElementNotVisibleException">
            <message>
              <![CDATA[Element is not currently visible and so may not be interacted with
Command duration or timeout: 30.09 seconds
Build info: version: '2.45.0', revision: '5017cb8', time: '2015-02-26 23:59:50'
System info: host: 'DS-7071BC8FD8F3', ip: '10.112.88.8', os.name: 'Windows 7', os.arch: 'x86', os.version: '6.1', java.version: '1.8.0_45'
Driver info: org.openqa.selenium.firefox.FirefoxDriver
Capabilities [{applicationCacheEnabled=true, rotatable=false, handlesAlerts=true, databaseEnabled=true, version=38.0, platform=WINDOWS, nativeEvents=false, acceptSslCerts=true, webStorageEnabled=true, locationContextEnabled=true, browserName=firefox, takesScreenshot=true, javascriptEnabled=true, cssSelectorsEnabled=true}]
Session ID: 55a48daa-6bd6-4245-8b10-9923c7af360f]]>
            </message>
            <full-stacktrace>
              <![CDATA[org.openqa.selenium.ElementNotVisibleException: Element is not currently visible and so may not be interacted with
Command duration or timeout: 30.09 seconds
Build info: version: '2.45.0', revision: '5017cb8', time: '2015-02-26 23:59:50'
System info: host: 'DS-7071BC8FD8F3', ip: '10.112.88.8', os.name: 'Windows 7', os.arch: 'x86', os.version: '6.1', java.version: '1.8.0_45'
Driver info: org.openqa.selenium.firefox.FirefoxDriver
Capabilities [{applicationCacheEnabled=true, rotatable=false, handlesAlerts=true, databaseEnabled=true, version=38.0, platform=WINDOWS, nativeEvents=false, acceptSslCerts=true, webStorageEnabled=true, locationContextEnabled=true, browserName=firefox, takesScreenshot=true, javascriptEnabled=true, cssSelectorsEnabled=true}]
Session ID: 55a48daa-6bd6-4245-8b10-9923c7af360f
	at sun.reflect.NativeConstructorAccessorImpl.newInstance0(Native Method)
	at sun.reflect.NativeConstructorAccessorImpl.newInstance(Unknown Source)
	at sun.reflect.DelegatingConstructorAccessorImpl.newInstance(Unknown Source)
	at java.lang.reflect.Constructor.newInstance(Unknown Source)
	at org.openqa.selenium.remote.ErrorHandler.createThrowable(ErrorHandler.java:204)
	at org.openqa.selenium.remote.ErrorHandler.throwIfResponseFailed(ErrorHandler.java:156)
	at org.openqa.selenium.remote.RemoteWebDriver.execute(RemoteWebDriver.java:599)
	at org.openqa.selenium.remote.RemoteWebElement.execute(RemoteWebElement.java:268)
	at org.openqa.selenium.remote.RemoteWebElement.click(RemoteWebElement.java:79)
	at com.mcdebos.ecash.pages.DrawerCountDownPage.moveToCorrectMonth(DrawerCountDownPage.java:232)
	at com.mcdebos.ecash.pages.DrawerCountDownPage.moveToDate(DrawerCountDownPage.java:175)
	at com.mcdebos.ecash.pages.DrawerCountDownPage.selectDate(DrawerCountDownPage.java:243)
	at com.mcdebos.ecash.drawercount.TestDrawerCount.changeDCDDetailsFromCountedToInprogress(TestDrawerCount.java:278)
	at sun.reflect.NativeMethodAccessorImpl.invoke0(Native Method)
	at sun.reflect.NativeMethodAccessorImpl.invoke(Unknown Source)
	at sun.reflect.DelegatingMethodAccessorImpl.invoke(Unknown Source)
	at java.lang.reflect.Method.invoke(Unknown Source)
	at org.testng.internal.MethodInvocationHelper.invokeMethod(MethodInvocationHelper.java:84)
	at org.testng.internal.Invoker.invokeMethod(Invoker.java:714)
	at org.testng.internal.Invoker.invokeTestMethod(Invoker.java:901)
	at org.testng.internal.Invoker.invokeTestMethods(Invoker.java:1231)
	at org.testng.internal.TestMethodWorker.invokeTestMethods(TestMethodWorker.java:127)
	at org.testng.internal.TestMethodWorker.run(TestMethodWorker.java:111)
	at org.testng.TestRunner.privateRun(TestRunner.java:767)
	at org.testng.TestRunner.run(TestRunner.java:617)
	at org.testng.SuiteRunner.runTest(SuiteRunner.java:334)
	at org.testng.SuiteRunner.runSequentially(SuiteRunner.java:329)
	at org.testng.SuiteRunner.privateRun(SuiteRunner.java:291)
	at org.testng.SuiteRunner.run(SuiteRunner.java:240)
	at org.testng.SuiteRunnerWorker.runSuite(SuiteRunnerWorker.java:52)
	at org.testng.SuiteRunnerWorker.run(SuiteRunnerWorker.java:86)
	at org.testng.TestNG.runSuitesSequentially(TestNG.java:1224)
	at org.testng.TestNG.runSuitesLocally(TestNG.java:1149)
	at org.testng.TestNG.run(TestNG.java:1057)
	at org.testng.remote.RemoteTestNG.run(RemoteTestNG.java:111)
	at org.testng.remote.RemoteTestNG.initAndRun(RemoteTestNG.java:204)
	at org.testng.remote.RemoteTestNG.main(RemoteTestNG.java:175)
Caused by: org.openqa.selenium.ElementNotVisibleException: Element is not currently visible and so may not be interacted with
Build info: version: '2.45.0', revision: '5017cb8', time: '2015-02-26 23:59:50'
System info: host: 'DS-7071BC8FD8F3', ip: '10.112.88.8', os.name: 'Windows 7', os.arch: 'x86', os.version: '6.1', java.version: '1.8.0_45'
Driver info: driver.version: unknown
	at <anonymous class>.fxdriver.preconditions.visible(file:///C:/Users/JANSIR~1.T/AppData/Local/Temp/anonymous8963977834405574931webdriver-profile/extensions/fxdriver@googlecode.com/components/command-processor.js:9587)
[...]
            <line>
              <![CDATA[Click on User Drop Down<br>]]>
            </line>
            <line>
              <![CDATA[Select the User as e100001<br>]]>
            </line>
            <line>
              <![CDATA[Click on Store Dropdown<br>]]>
            </line>
            <line>
              <![CDATA[Select the Store as 762<br>]]>
            </line>
            <line>
              <![CDATA[Click on Menu Icon<br>]]>
            </line>
            <line>
              <![CDATA[Click on Cash Management Menu<br>]]>
            </line>
            <line>
              <![CDATA[Verifying whether the cash option 'Drawer Countdown' was present in the dropdown<br>]]>
            </line>
            <line>
              <![CDATA[Select the Cash management option as Drawer Countdown<br>]]>
            </line>
            <line>
              <![CDATA[Click on Date Picker Button<br>]]>
            </line>
            <line>
              <![CDATA[Click on Previous month button<br>]]>
            </line>
            <line>
              <![CDATA[Click on the date 31<br>]]>
            </line>
            <line>
              <![CDATA[OPen the 1 entry in DCD<br>]]>
            </line>
            <line>
              <![CDATA[Click on Save Button<br>]]>
            </line>
            <line>
              <![CDATA[OPen the 2 entry in DCD<br>]]>
            </line>
            <line>
              <![CDATA[Click on Save Button<br>]]>
            </line>
            <line>
              <![CDATA[OPen the 3 entry in DCD<br>]]>
            </line>
            <line>
              <![CDATA[Click on Save Button<br>]]>
            </line>
            <line>
              <![CDATA[OPen the 4 entry in DCD<br>]]>
            </line>
            <line>
              <![CDATA[Click on Save Button<br>]]>
            </line>
            <line>
              <![CDATA[Check Whether Forever Difference Field is Available on DCD Detail screen<br> ]]>
            </line>
            <line>
              <![CDATA[Check Whether Skims Field is Available on DCD Detail screen<br> ]]>
            </line>
            <line>
              <![CDATA[Check Whether Expected Drawer Cash Field is Available on DCD Detail screen<br> ]]>
            </line>
            <line>
              <![CDATA[Check Whether  Field Cash Over/Short is Available on DCD Detail screen<br> ]]>
            </line>
            <line>
              <![CDATA[Check Whether  Field Transaction Count Available on DCD Detail screen<br> ]]>
            </line>
            <line>
              <![CDATA[Check Whether Preparer Field is Available on DCD Detail screen<br> ]]>
            </line>
            <line>
              <![CDATA[<br> <a href="file:///D:\BackUp\23Sep\eProfitability_Ecash\eProfitability_Ecash\eProfitability_Ecash\ScreenShots\VerfyingDCSystemCalculatedFields1443097541194.png">View Screenshot</a><br>]]>
            </line>
          </reporter-output>
        </test-method> <!-- VerfyingDCSystemCalculatedFields -->
        <test-method status="PASS" signature="tearDown()[pri:0, instance:com.mcdebos.ecash.drawercount.TestDrawerCount@13fcdbd]" name="tearDown" is-config="true" duration-ms="936" started-at="2015-09-24T17:55:41Z" finished-at="2015-09-24T17:55:42Z">
          <reporter-output>
          </reporter-output>
        </test-method> <!-- tearDown -->
        <test-method status="PASS" signature="setUp(java.lang.String, java.lang.String)[pri:0, instance:com.mcdebos.ecash.drawercount.TestDrawerCount@13fcdbd]" name="setUp" is-config="true" duration-ms="30560" started-at="2015-09-24T17:55:42Z" finished-at="2015-09-24T17:56:13Z">
          <params>
            <param index="0">
              <value>
                <![CDATA[firefox]]>
              </value>
            </param>
            <param index="1">
              <value>
                <![CDATA[http://dev-localapp.mcdebos.com]]>
              </value>
            </param>
          </params>
          <reporter-output>
          </reporter-output>
        </test-method> <!-- setUp -->
        <test-method status="FAIL" signature="viewingManagerAndCashier(com.mcdebos.ecash.excelutils.DrawerCountDownData)[pri:0, instance:com.mcdebos.ecash.drawercount.TestDrawerCount@13fcdbd]" name="viewingManagerAndCashier" duration-ms="39300" started-at="2015-09-24T17:56:13Z" data-provider="TC_549" finished-at="2015-09-24T17:56:52Z">
          <params>
            <param index="0">
              <value>
                <![CDATA[com.mcdebos.ecash.excelutils.DrawerCountDownData@1e698c7]]>
              </value>
            </param>
          </params>
          <exception class="org.openqa.selenium.StaleElementReferenceException">
            <message>
              <![CDATA[Element not found in the cache - perhaps the page has changed since it was looked up
Command duration or timeout: 30.40 seconds
For documentation on this error, please visit: http://seleniumhq.org/exceptions/stale_element_reference.html
Build info: version: '2.45.0', revision: '5017cb8', time: '2015-02-26 23:59:50'
System info: host: 'DS-7071BC8FD8F3', ip: '10.112.88.8', os.name: 'Windows 7', os.arch: 'x86', os.version: '6.1', java.version: '1.8.0_45'
Driver info: org.openqa.selenium.firefox.FirefoxDriver
Capabilities [{applicationCacheEnabled=true, rotatable=false, handlesAlerts=true, databaseEnabled=true, version=38.0, platform=WINDOWS, nativeEvents=false, acceptSslCerts=true, webStorageEnabled=true, locationContextEnabled=true, browserName=firefox, takesScreenshot=true, javascriptEnabled=true, cssSelectorsEnabled=true}]
Session ID: dc8cf58a-276c-4e98-8bbb-6c38eaa46920]]>
            </message>
            <full-stacktrace>
              <![CDATA[org.openqa.selenium.StaleElementReferenceException: Element not found in the cache - perhaps the page has changed since it was looked up
Command duration or timeout: 30.40 seconds
For documentation on this error, please visit: http://seleniumhq.org/exceptions/stale_element_reference.html
Build info: version: '2.45.0', revision: '5017cb8', time: '2015-02-26 23:59:50'
System info: host: 'DS-7071BC8FD8F3', ip: '10.112.88.8', os.name: 'Windows 7', os.arch: 'x86', os.version: '6.1', java.version: '1.8.0_45'
Driver info: org.openqa.selenium.firefox.FirefoxDriver
Capabilities [{applicationCacheEnabled=true, rotatable=false, handlesAlerts=true, databaseEnabled=true, version=38.0, platform=WINDOWS, nativeEvents=false, acceptSslCerts=true, webStorageEnabled=true, locationContextEnabled=true, browserName=firefox, takesScreenshot=true, javascriptEnabled=true, cssSelectorsEnabled=true}]
Session ID: dc8cf58a-276c-4e98-8bbb-6c38eaa46920
	at sun.reflect.NativeConstructorAccessorImpl.newInstance0(Native Method)
	at sun.reflect.NativeConstructorAccessorImpl.newInstance(Unknown Source)
	at sun.reflect.DelegatingConstructorAccessorImpl.newInstance(Unknown Source)
	at java.lang.reflect.Constructor.newInstance(Unknown Source)
	at org.openqa.selenium.remote.ErrorHandler.createThrowable(ErrorHandler.java:204)
	at org.openqa.selenium.remote.ErrorHandler.throwIfResponseFailed(ErrorHandler.java:156)
	at org.openqa.selenium.remote.RemoteWebDriver.execute(RemoteWebDriver.java:599)
	at org.openqa.selenium.remote.RemoteWebElement.execute(RemoteWebElement.java:268)
	at org.openqa.selenium.remote.RemoteWebElement.click(RemoteWebElement.java:79)
	at com.mcdebos.ecash.pages.DrawerCountDownPage.moveToDate(DrawerCountDownPage.java:155)
	at com.mcdebos.ecash.pages.DrawerCountDownPage.selectDate(DrawerCountDownPage.java:243)
	at com.mcdebos.ecash.drawercount.TestDrawerCount.viewingManagerAndCashier(TestDrawerCount.java:596)
	at sun.reflect.NativeMethodAccessorImpl.invoke0(Native Method)
	at sun.reflect.NativeMethodAccessorImpl.invoke(Unknown Source)
	at sun.reflect.DelegatingMethodAccessorImpl.invoke(Unknown Source)
	at java.lang.reflect.Method.invoke(Unknown Source)
	at org.testng.internal.MethodInvocationHelper.invokeMethod(MethodInvocationHelper.java:84)
	at org.testng.internal.Invoker.invokeMethod(Invoker.java:714)
	at org.testng.internal.Invoker.invokeTestMethod(Invoker.java:901)
	at org.testng.internal.Invoker.invokeTestMethods(Invoker.java:1231)
	at org.testng.internal.TestMethodWorker.invokeTestMethods(TestMethodWorker.java:127)
	at org.testng.internal.TestMethodWorker.run(TestMethodWorker.java:111)
	at org.testng.TestRunner.privateRun(TestRunner.java:767)
	at org.testng.TestRunner.run(TestRunner.java:617)
	at org.testng.SuiteRunner.runTest(SuiteRunner.java:334)
	at org.testng.SuiteRunner.runSequentially(SuiteRunner.java:329)
	at org.testng.SuiteRunner.privateRun(SuiteRunner.java:291)
	at org.testng.SuiteRunner.run(SuiteRunner.java:240)
	at org.testng.SuiteRunnerWorker.runSuite(SuiteRunnerWorker.java:52)
	at org.testng.SuiteRunnerWorker.run(SuiteRunnerWorker.java:86)
	at org.testng.TestNG.runSuitesSequentially(TestNG.java:1224)
	at org.testng.TestNG.runSuitesLocally(TestNG.java:1149)
	at org.testng.TestNG.run(TestNG.java:1057)
	at org.testng.remote.RemoteTestNG.run(RemoteTestNG.java:111)
	at org.testng.remote.RemoteTestNG.initAndRun(RemoteTestNG.java:204)
	at org.testng.remote.RemoteTestNG.main(RemoteTestNG.java:175)
Caused by: org.openqa.selenium.StaleElementReferenceException: Element not found in the cache - perhaps the page has changed since it was looked up
For documentation on this error, please visit: http://seleniumhq.org/exceptions/stale_element_reference.html
Build info: version: '2.45.0', revision: '5017cb8', time: '2015-02-26 23:59:50'
System info: host: 'DS-7071BC8FD8F3', ip: '10.112.88.8', os.name: 'Windows 7', os.arch: 'x86', os.version: '6.1', java.version: '1.8.0_45'
Driver info: driver.version: unknown
	at <anonymous class>.fxdriver.cache.getElementAt(resource://fxdriver/modules/web-element-cache.js:8953)
	at <anonymous class>.Utils.getElementAt(file:///C:/Users/JANSIR~1.T/AppData/Local/Temp/anonymous696650196840367084webdriver-profile/extensions/fxdriver@googlecode.com/components/command-processor.js:8546)
	at <anonymous class>.fxdriver.preconditions.visible(file:///C:/Users/JANSIR~1.T/AppData/Local/Temp/anonymous696650196840367084webdriver-profile/extensions/fxdriver@googlecode.com/components/command-processor.js:9585)
	at <anonymous class>.DelayedCommand.prototype.checkPreconditions_(file:///C:/Users/JANSIR~1.T/AppData/Local/Temp/anonymous696650196840367084webdriver-profile/extensions/fxdriver@googlecode.com/components/command-processor.js:12257)
	at <anonymous class>.DelayedCommand.prototype.executeInternal_/h(file:///C:/Users/JANSIR~1.T/AppData/Local/Temp/anonymous696650196840367084webdriver-profile/extensions/fxdriver@googlecode.com/components/command-processor.js:12274)
	at <anonymous class>.fxdriver.Timer.prototype.setTimeout/<.notify(file:///C:/Users/JANSIR~1.T/AppData/Local/Temp/anonymous696650196840367084webdriver-profile/extensions/fxdriver@googlecode.com/components/command-processor.js:603)
]]>
            </full-stacktrace>
          </exception> <!-- org.openqa.selenium.StaleElementReferenceException -->
          <reporter-output>
            <line>
              <![CDATA[Click on User Drop Down<br>]]>
            </line>
            <line>
              <![CDATA[Select the User as e100001<br>]]>
            </line>
            <line>
              <![CDATA[Click on Store Dropdown<br>]]>
            </line>
            <line>
              <![CDATA[Select the Store as 762<br>]]>
            </line>
            <line>
              <![CDATA[Click on Menu Icon<br>]]>
            </line>
            <line>
              <![CDATA[Click on Cash Management Menu<br>]]>
            </line>
            <line>
              <![CDATA[Verifying whether the cash option 'Drawer Countdown' was present in the dropdown<br>]]>
            </line>
            <line>
              <![CDATA[Select the Cash management option as Drawer Countdown<br>]]>
            </line>
            <line>
              <![CDATA[<br> <a href="file:///D:\BackUp\23Sep\eProfitability_Ecash\eProfitability_Ecash\eProfitability_Ecash\ScreenShots\viewingManagerAndCashier1443097612552.png">View Screenshot</a><br>]]>
            </line>
          </reporter-output>
        </test-method> <!-- viewingManagerAndCashier -->
        <test-method status="PASS" signature="tearDown()[pri:0, instance:com.mcdebos.ecash.drawercount.TestDrawerCount@13fcdbd]" name="tearDown" is-config="true" duration-ms="796" started-at="2015-09-24T17:56:52Z" finished-at="2015-09-24T17:56:53Z">
          <reporter-output>
          </reporter-output>
        </test-method> <!-- tearDown -->
        <test-method status="PASS" signature="setUp(java.lang.String, java.lang.String)[pri:0, instance:com.mcdebos.ecash.drawercount.TestDrawerCount@13fcdbd]" name="setUp" is-config="true" duration-ms="29847" started-at="2015-09-24T17:56:53Z" finished-at="2015-09-24T17:57:23Z">
          <params>
            <param index="0">
              <value>
                <![CDATA[firefox]]>
              </value>
            </param>
            <param index="1">
              <value>
                <![CDATA[http://dev-localapp.mcdebos.com]]>
              </value>
            </param>
          </params>
          <reporter-output>
          </reporter-output>
        </test-method> <!-- setUp -->
        <test-method status="PASS" signature="viewDepositCodeFieldOnDCDdetailPage(com.mcdebos.ecash.excelutils.DrawerCountDownData)[pri:0, instance:com.mcdebos.ecash.drawercount.TestDrawerCount@13fcdbd]" name="viewDepositCodeFieldOnDCDdetailPage" duration-ms="39033" started-at="2015-09-24T17:57:23Z" data-provider="TC_549" finished-at="2015-09-24T17:58:02Z">
          <params>
            <param index="0">
              <value>
                <![CDATA[com.mcdebos.ecash.excelutils.DrawerCountDownData@ba57a7]]>
              </value>
            </param>
          </params>
          <reporter-output>
            <line>
              <![CDATA[Click on User Drop Down<br>]]>
            </line>
            <line>
              <![CDATA[Select the User as e100001<br>]]>
            </line>
            <line>
              <![CDATA[Click on Store Dropdown<br>]]>
            </line>
            <line>
              <![CDATA[Select the Store as 762<br>]]>
            </line>
            <line>
              <![CDATA[Click on Menu Icon<br>]]>
            </line>
            <line>
              <![CDATA[Click on Cash Management Menu<br>]]>
            </line>
            <line>
              <![CDATA[Verifying whether the cash option 'Drawer Countdown' was present in the dropdown<br>]]>
            </line>
            <line>
              <![CDATA[Select the Cash management option as Drawer Countdown<br>]]>
            </line>
            <line>
              <![CDATA[Click on Date Picker Button<br>]]>
            </line>
            <line>
              <![CDATA[Click on Previous month button<br>]]>
            </line>
            <line>
              <![CDATA[Click on the date 31<br>]]>
            </line>
            <line>
              <![CDATA[OPen the 1 entry in DCD<br>]]>
            </line>
            <line>
              <![CDATA[Click on Save Button<br>]]>
            </line>
            <line>
              <![CDATA[OPen the 2 entry in DCD<br>]]>
            </line>
            <line>
              <![CDATA[Click on Save Button<br>]]>
            </line>
            <line>
              <![CDATA[OPen the 3 entry in DCD<br>]]>
            </line>
            <line>
              <![CDATA[Click on Save Button<br>]]>
            </line>
            <line>
              <![CDATA[OPen the 4 entry in DCD<br>]]>
            </line>
            <line>
              <![CDATA[Click on Save Button<br>]]>
            </line>
          </reporter-output>
        </test-method> <!-- viewDepositCodeFieldOnDCDdetailPage -->
        <test-method status="PASS" signature="tearDown()[pri:0, instance:com.mcdebos.ecash.drawercount.TestDrawerCount@13fcdbd]" name="tearDown" is-config="true" duration-ms="954" started-at="2015-09-24T17:58:02Z" finished-at="2015-09-24T17:58:03Z">
          <reporter-output>
          </reporter-output>
        </test-method> <!-- tearDown -->
        <test-method status="PASS" signature="setUp(java.lang.String, java.lang.String)[pri:0, instance:com.mcdebos.ecash.drawercount.TestDrawerCount@13fcdbd]" name="setUp" is-config="true" duration-ms="43668" started-at="2015-09-24T17:58:03Z" finished-at="2015-09-24T17:58:47Z">
          <params>
            <param index="0">
              <value>
                <![CDATA[firefox]]>
              </value>
            </param>
            <param index="1">
              <value>
                <![CDATA[http://dev-localapp.mcdebos.com]]>
              </value>
            </param>
          </params>
          <reporter-output>
          </reporter-output>
        </test-method> <!-- setUp -->
        <test-method status="PASS" signature="selectDepositCodeFromDepositDropDown(com.mcdebos.ecash.excelutils.DrawerCountDownData)[pri:0, instance:com.mcdebos.ecash.drawercount.TestDrawerCount@13fcdbd]" name="selectDepositCodeFromDepositDropDown" duration-ms="35902" started-at="2015-09-24T17:58:47Z" data-provider="TC_549" finished-at="2015-09-24T17:59:23Z">
          <params>
            <param index="0">
              <value>
                <![CDATA[com.mcdebos.ecash.excelutils.DrawerCountDownData@1e742e4]]>
              </value>
            </param>
          </params>
          <reporter-output>
            <line>
              <![CDATA[Click on User Drop Down<br>]]>
            </line>
            <line>
              <![CDATA[Select the User as e100001<br>]]>
            </line>
            <line>
              <![CDATA[Click on Store Dropdown<br>]]>
            </line>
            <line>
              <![CDATA[Select the Store as 762<br>]]>
            </line>
            <line>
              <![CDATA[Click on Menu Icon<br>]]>
            </line>
            <line>
              <![CDATA[Click on Cash Management Menu<br>]]>
            </line>
            <line>
              <![CDATA[Verifying whether the cash option 'Drawer Countdown' was present in the dropdown<br>]]>
            </line>
            <line>
              <![CDATA[Select the Cash management option as Drawer Countdown<br>]]>
            </line>
            <line>
              <![CDATA[Click on Date Picker Button<br>]]>
            </line>
            <line>
              <![CDATA[Click on Previous month button<br>]]>
            </line>
            <line>
              <![CDATA[Click on the date 31<br>]]>
            </line>
            <line>
              <![CDATA[OPen the 1 entry in DCD<br>]]>
            </line>
            <line>
              <![CDATA[Click on Save Button<br>]]>
            </line>
            <line>
              <![CDATA[OPen the 2 entry in DCD<br>]]>
            </line>
            <line>
              <![CDATA[Click on Save Button<br>]]>
            </line>
            <line>
              <![CDATA[OPen the 3 entry in DCD<br>]]>
            </line>
            <line>
              <![CDATA[Click on Save Button<br>]]>
            </line>
            <line>
              <![CDATA[OPen the 4 entry in DCD<br>]]>
            </line>
            <line>
              <![CDATA[Click on Save Button<br>]]>
            </line>
          </reporter-output>
        </test-method> <!-- selectDepositCodeFromDepositDropDown -->
        <test-method status="PASS" signature="tearDown()[pri:0, instance:com.mcdebos.ecash.drawercount.TestDrawerCount@13fcdbd]" name="tearDown" is-config="true" duration-ms="917" started-at="2015-09-24T17:59:23Z" finished-at="2015-09-24T17:59:24Z">
          <reporter-output>
          </reporter-output>
        </test-method> <!-- tearDown -->
      </class> <!-- com.mcdebos.ecash.drawercount.TestDrawerCount -->
    </test> <!-- Drawer Countdown  - US 84 -->
  </suite> <!-- Regression Test Suite -->
</testng-results>
